\BOOKMARK [1][-]{section.1}{\376\377\000I\000n\000t\000r\000o\000d\000u\000c\000t\000i\000o\000n}{}% 1
\BOOKMARK [1][-]{section.2}{\376\377\000B\000a\000c\000k\000g\000r\000o\000u\000n\000d}{}% 2
\BOOKMARK [2][-]{subsection.2.1}{\376\377\000Q\000u\000a\000n\000t\000u\000m\000\040\000C\000o\000m\000p\000u\000t\000i\000n\000g\000\040\000a\000n\000d\000\040\000C\000r\000y\000p\000t\000a\000n\000a\000l\000y\000s\000i\000s}{section.2}% 3
\BOOKMARK [2][-]{subsection.2.2}{\376\377\000N\000I\000S\000T\000\040\000P\000o\000s\000t\000-\000Q\000u\000a\000n\000t\000u\000m\000\040\000C\000r\000y\000p\000t\000o\000g\000r\000a\000p\000h\000i\000c\000\040\000S\000t\000a\000n\000d\000a\000r\000d\000s}{section.2}% 4
\BOOKMARK [3][-]{subsubsection.2.2.1}{\376\377\000M\000L\000-\000K\000E\000M\000\040\000\050\000F\000I\000P\000S\000\040\0002\0000\0003\000\051}{subsection.2.2}% 5
\BOOKMARK [3][-]{subsubsection.2.2.2}{\376\377\000M\000L\000-\000D\000S\000A\000\040\000\050\000F\000I\000P\000S\000\040\0002\0000\0004\000\051}{subsection.2.2}% 6
\BOOKMARK [3][-]{subsubsection.2.2.3}{\376\377\000S\000L\000H\000-\000D\000S\000A\000\040\000\050\000F\000I\000P\000S\000\040\0002\0000\0005\000\051}{subsection.2.2}% 7
\BOOKMARK [2][-]{subsection.2.3}{\376\377\000B\000l\000o\000c\000k\000c\000h\000a\000i\000n\000\040\000A\000r\000c\000h\000i\000t\000e\000c\000t\000u\000r\000e\000\040\000C\000o\000m\000p\000o\000n\000e\000n\000t\000s}{section.2}% 8
\BOOKMARK [2][-]{subsection.2.4}{\376\377\000M\000u\000l\000t\000i\000s\000i\000g\000n\000a\000t\000u\000r\000e\000\040\000S\000c\000h\000e\000m\000e\000s}{section.2}% 9
\BOOKMARK [1][-]{section.3}{\376\377\000R\000e\000l\000a\000t\000e\000d\000\040\000W\000o\000r\000k}{}% 10
\BOOKMARK [1][-]{section.4}{\376\377\000Q\000u\000a\000n\000t\000u\000m\000\040\000T\000h\000r\000e\000a\000t\000\040\000M\000o\000d\000e\000l\000\040\000f\000o\000r\000\040\000B\000l\000o\000c\000k\000c\000h\000a\000i\000n}{}% 11
\BOOKMARK [2][-]{subsection.4.1}{\376\377\000A\000d\000v\000e\000r\000s\000a\000r\000y\000\040\000M\000o\000d\000e\000l}{section.4}% 12
\BOOKMARK [2][-]{subsection.4.2}{\376\377\000L\000a\000y\000e\000r\000-\000b\000y\000-\000L\000a\000y\000e\000r\000\040\000V\000u\000l\000n\000e\000r\000a\000b\000i\000l\000i\000t\000y\000\040\000A\000n\000a\000l\000y\000s\000i\000s}{section.4}% 13
\BOOKMARK [3][-]{subsubsection.4.2.1}{\376\377\000T\000r\000a\000n\000s\000a\000c\000t\000i\000o\000n\000\040\000L\000a\000y\000e\000r\000\040\000\050\000C\000r\000i\000t\000i\000c\000a\000l\000\051}{subsection.4.2}% 14
\BOOKMARK [3][-]{subsubsection.4.2.2}{\376\377\000B\000l\000o\000c\000k\000\040\000S\000t\000r\000u\000c\000t\000u\000r\000e\000\040\000\050\000M\000o\000d\000e\000r\000a\000t\000e\000\051}{subsection.4.2}% 15
\BOOKMARK [3][-]{subsubsection.4.2.3}{\376\377\000C\000o\000n\000s\000e\000n\000s\000u\000s\000\040\000L\000a\000y\000e\000r\000\040\000\050\000V\000a\000r\000i\000e\000s\000\051}{subsection.4.2}% 16
\BOOKMARK [3][-]{subsubsection.4.2.4}{\376\377\000N\000e\000t\000w\000o\000r\000k\000\040\000a\000n\000d\000\040\000S\000m\000a\000r\000t\000\040\000C\000o\000n\000t\000r\000a\000c\000t\000\040\000L\000a\000y\000e\000r\000s}{subsection.4.2}% 17
\BOOKMARK [2][-]{subsection.4.3}{\376\377\000T\000e\000m\000p\000o\000r\000a\000l\000\040\000R\000i\000s\000k\000\040\000A\000s\000s\000e\000s\000s\000m\000e\000n\000t}{section.4}% 18
\BOOKMARK [2][-]{subsection.4.4}{\376\377\000T\000h\000e\000\040\000Q\000u\000a\000n\000t\000u\000m\000\040\000G\000a\000p\000\040\000P\000r\000o\000b\000l\000e\000m}{section.4}% 19
\BOOKMARK [1][-]{section.5}{\376\377\000P\000Q\000-\000C\000h\000a\000i\000n\000:\000\040\000P\000o\000s\000t\000-\000Q\000u\000a\000n\000t\000u\000m\000\040\000B\000l\000o\000c\000k\000c\000h\000a\000i\000n\000\040\000F\000r\000a\000m\000e\000w\000o\000r\000k}{}% 20
\BOOKMARK [2][-]{subsection.5.1}{\376\377\000A\000r\000c\000h\000i\000t\000e\000c\000t\000u\000r\000e\000\040\000O\000v\000e\000r\000v\000i\000e\000w}{section.5}% 21
\BOOKMARK [2][-]{subsection.5.2}{\376\377\000C\000r\000y\000p\000t\000o\000g\000r\000a\000p\000h\000i\000c\000\040\000A\000b\000s\000t\000r\000a\000c\000t\000i\000o\000n\000\040\000L\000a\000y\000e\000r}{section.5}% 22
\BOOKMARK [2][-]{subsection.5.3}{\376\377\000T\000r\000a\000n\000s\000a\000c\000t\000i\000o\000n\000\040\000F\000o\000r\000m\000a\000t\000\040\000E\000x\000t\000e\000n\000s\000i\000o\000n}{section.5}% 23
\BOOKMARK [2][-]{subsection.5.4}{\376\377\000A\000d\000d\000r\000e\000s\000s\000\040\000D\000e\000r\000i\000v\000a\000t\000i\000o\000n\000\040\000f\000o\000r\000\040\000P\000o\000s\000t\000-\000Q\000u\000a\000n\000t\000u\000m\000\040\000K\000e\000y\000s}{section.5}% 24
\BOOKMARK [2][-]{subsection.5.5}{\376\377\000H\000y\000b\000r\000i\000d\000\040\000S\000i\000g\000n\000a\000t\000u\000r\000e\000\040\000M\000o\000d\000e}{section.5}% 25
\BOOKMARK [2][-]{subsection.5.6}{\376\377\000C\000o\000n\000s\000e\000n\000s\000u\000s\000\040\000I\000n\000t\000e\000g\000r\000a\000t\000i\000o\000n}{section.5}% 26
\BOOKMARK [1][-]{section.6}{\376\377\000H\000y\000b\000r\000i\000d\000\040\000S\000i\000g\000n\000a\000t\000u\000r\000e\000\040\000A\000g\000g\000r\000e\000g\000a\000t\000i\000o\000n\000\040\000P\000r\000o\000t\000o\000c\000o\000l}{}% 27
\BOOKMARK [2][-]{subsection.6.1}{\376\377\000M\000e\000r\000k\000l\000e\000-\000B\000a\000s\000e\000d\000\040\000S\000i\000g\000n\000a\000t\000u\000r\000e\000\040\000A\000g\000g\000r\000e\000g\000a\000t\000i\000o\000n}{section.6}% 28
\BOOKMARK [2][-]{subsection.6.2}{\376\377\000B\000a\000t\000c\000h\000e\000d\000\040\000V\000e\000r\000i\000f\000i\000c\000a\000t\000i\000o\000n\000\040\000a\000n\000d\000\040\000L\000a\000z\000y\000\040\000P\000r\000o\000p\000a\000g\000a\000t\000i\000o\000n}{section.6}% 29
\BOOKMARK [1][-]{section.7}{\376\377\000T\000h\000e\000\040\000E\000p\000h\000e\000m\000e\000r\000a\000l\000\040\000M\000u\000l\000t\000i\000s\000i\000g\000\040\000P\000r\000o\000t\000o\000c\000o\000l}{}% 30
\BOOKMARK [2][-]{subsection.7.1}{\376\377\000M\000o\000t\000i\000v\000a\000t\000i\000o\000n\000\040\000a\000n\000d\000\040\000D\000e\000s\000i\000g\000n\000\040\000P\000h\000i\000l\000o\000s\000o\000p\000h\000y}{section.7}% 31
\BOOKMARK [2][-]{subsection.7.2}{\376\377\000P\000r\000o\000t\000o\000c\000o\000l\000\040\000S\000p\000e\000c\000i\000f\000i\000c\000a\000t\000i\000o\000n}{section.7}% 32
\BOOKMARK [2][-]{subsection.7.3}{\376\377\000K\000e\000y\000\040\000L\000i\000f\000e\000c\000y\000c\000l\000e\000\040\000M\000a\000n\000a\000g\000e\000m\000e\000n\000t}{section.7}% 33
\BOOKMARK [2][-]{subsection.7.4}{\376\377\000T\000r\000a\000n\000s\000a\000c\000t\000i\000o\000n\000\040\000S\000i\000g\000n\000i\000n\000g\000\040\000P\000r\000o\000t\000o\000c\000o\000l}{section.7}% 34
\BOOKMARK [2][-]{subsection.7.5}{\376\377\000V\000a\000u\000l\000t\000\040\000S\000t\000a\000t\000e\000\040\000T\000r\000a\000n\000s\000i\000t\000i\000o\000n\000s}{section.7}% 35
\BOOKMARK [2][-]{subsection.7.6}{\376\377\000R\000o\000t\000a\000t\000i\000o\000n\000\040\000T\000r\000i\000g\000g\000e\000r\000s}{section.7}% 36
\BOOKMARK [2][-]{subsection.7.7}{\376\377\000E\000p\000h\000e\000m\000e\000r\000a\000l\000\040\000K\000e\000y\000\040\000G\000e\000n\000e\000r\000a\000t\000i\000o\000n\000\040\000S\000e\000c\000u\000r\000i\000t\000y\000\040\000R\000e\000q\000u\000i\000r\000e\000m\000e\000n\000t\000s}{section.7}% 37
\BOOKMARK [1][-]{section.8}{\376\377\000F\000o\000r\000m\000a\000l\000\040\000S\000e\000c\000u\000r\000i\000t\000y\000\040\000A\000n\000a\000l\000y\000s\000i\000s\000\040\000o\000f\000\040\000E\000M\000P}{}% 38
\BOOKMARK [2][-]{subsection.8.1}{\376\377\000S\000e\000c\000u\000r\000i\000t\000y\000\040\000M\000o\000d\000e\000l}{section.8}% 39
\BOOKMARK [2][-]{subsection.8.2}{\376\377\000P\000e\000r\000p\000e\000t\000u\000a\000l\000\040\000C\000h\000a\000s\000e\000\040\000P\000r\000o\000p\000e\000r\000t\000y}{section.8}% 40
\BOOKMARK [2][-]{subsection.8.3}{\376\377\000A\000t\000t\000a\000c\000k\000\040\000S\000c\000e\000n\000a\000r\000i\000o\000\040\000W\000a\000l\000k\000t\000h\000r\000o\000u\000g\000h}{section.8}% 41
\BOOKMARK [2][-]{subsection.8.4}{\376\377\000C\000o\000m\000p\000a\000r\000i\000s\000o\000n\000\040\000w\000i\000t\000h\000\040\000S\000t\000a\000t\000i\000c\000\040\000M\000u\000l\000t\000i\000s\000i\000g}{section.8}% 42
\BOOKMARK [2][-]{subsection.8.5}{\376\377\000A\000d\000a\000p\000t\000i\000v\000e\000\040\000R\000o\000t\000a\000t\000i\000o\000n\000\040\000U\000n\000d\000e\000r\000\040\000T\000h\000r\000e\000a\000t\000\040\000I\000n\000t\000e\000l\000l\000i\000g\000e\000n\000c\000e}{section.8}% 43
\BOOKMARK [2][-]{subsection.8.6}{\376\377\000L\000i\000m\000i\000t\000a\000t\000i\000o\000n\000s\000\040\000o\000f\000\040\000t\000h\000e\000\040\000E\000p\000h\000e\000m\000e\000r\000a\000l\000\040\000A\000p\000p\000r\000o\000a\000c\000h}{section.8}% 44
\BOOKMARK [1][-]{section.9}{\376\377\000P\000Q\000-\000C\000h\000a\000i\000n\000\040\000+\000\040\000E\000M\000P\000:\000\040\000D\000e\000f\000e\000n\000s\000e\000-\000i\000n\000-\000D\000e\000p\000t\000h}{}% 45
\BOOKMARK [2][-]{subsection.9.1}{\376\377\000L\000a\000y\000e\000r\000e\000d\000\040\000S\000e\000c\000u\000r\000i\000t\000y\000\040\000M\000o\000d\000e\000l}{section.9}% 46
\BOOKMARK [2][-]{subsection.9.2}{\376\377\000D\000e\000p\000l\000o\000y\000m\000e\000n\000t\000\040\000T\000i\000m\000e\000l\000i\000n\000e}{section.9}% 47
\BOOKMARK [1][-]{section.10}{\376\377\000I\000m\000p\000l\000e\000m\000e\000n\000t\000a\000t\000i\000o\000n\000\040\000a\000n\000d\000\040\000P\000e\000r\000f\000o\000r\000m\000a\000n\000c\000e\000\040\000E\000v\000a\000l\000u\000a\000t\000i\000o\000n}{}% 48
\BOOKMARK [2][-]{subsection.10.1}{\376\377\000P\000Q\000-\000C\000h\000a\000i\000n\000\040\000P\000r\000o\000t\000o\000t\000y\000p\000e}{section.10}% 49
\BOOKMARK [2][-]{subsection.10.2}{\376\377\000E\000M\000P\000\040\000P\000r\000o\000t\000o\000t\000y\000p\000e}{section.10}% 50
\BOOKMARK [2][-]{subsection.10.3}{\376\377\000E\000x\000p\000e\000r\000i\000m\000e\000n\000t\000a\000l\000\040\000S\000e\000t\000u\000p}{section.10}% 51
\BOOKMARK [2][-]{subsection.10.4}{\376\377\000P\000Q\000-\000C\000h\000a\000i\000n\000\040\000T\000h\000r\000o\000u\000g\000h\000p\000u\000t\000\040\000R\000e\000s\000u\000l\000t\000s}{section.10}% 52
\BOOKMARK [2][-]{subsection.10.5}{\376\377\000E\000M\000P\000\040\000P\000e\000r\000f\000o\000r\000m\000a\000n\000c\000e\000\040\000R\000e\000s\000u\000l\000t\000s}{section.10}% 53
\BOOKMARK [2][-]{subsection.10.6}{\376\377\000S\000t\000o\000r\000a\000g\000e\000\040\000A\000n\000a\000l\000y\000s\000i\000s}{section.10}% 54
\BOOKMARK [2][-]{subsection.10.7}{\376\377\000C\000r\000y\000p\000t\000o\000g\000r\000a\000p\000h\000i\000c\000\040\000O\000p\000e\000r\000a\000t\000i\000o\000n\000\040\000B\000e\000n\000c\000h\000m\000a\000r\000k\000s}{section.10}% 55
\BOOKMARK [1][-]{section.11}{\376\377\000G\000o\000v\000e\000r\000n\000a\000n\000c\000e\000\040\000F\000r\000a\000m\000e\000w\000o\000r\000k\000\040\000f\000o\000r\000\040\000Q\000u\000a\000n\000t\000u\000m\000\040\000M\000i\000g\000r\000a\000t\000i\000o\000n}{}% 56
\BOOKMARK [2][-]{subsection.11.1}{\376\377\000P\000h\000a\000s\000e\000d\000\040\000M\000i\000g\000r\000a\000t\000i\000o\000n\000\040\000S\000t\000r\000a\000t\000e\000g\000y}{section.11}% 57
\BOOKMARK [2][-]{subsection.11.2}{\376\377\000I\000n\000c\000e\000n\000t\000i\000v\000e\000\040\000M\000e\000c\000h\000a\000n\000i\000s\000m\000s}{section.11}% 58
\BOOKMARK [2][-]{subsection.11.3}{\376\377\000E\000m\000e\000r\000g\000e\000n\000c\000y\000\040\000Q\000u\000a\000n\000t\000u\000m\000\040\000R\000e\000s\000p\000o\000n\000s\000e\000\040\000P\000r\000o\000t\000o\000c\000o\000l}{section.11}% 59
\BOOKMARK [1][-]{section.12}{\376\377\000P\000Q\000-\000C\000h\000a\000i\000n\000\040\000S\000e\000c\000u\000r\000i\000t\000y\000\040\000P\000r\000o\000o\000f\000s}{}% 60
\BOOKMARK [1][-]{section.13}{\376\377\000D\000i\000s\000c\000u\000s\000s\000i\000o\000n}{}% 61
\BOOKMARK [2][-]{subsection.13.1}{\376\377\000P\000r\000a\000c\000t\000i\000c\000a\000l\000\040\000D\000e\000p\000l\000o\000y\000m\000e\000n\000t\000\040\000C\000o\000n\000s\000i\000d\000e\000r\000a\000t\000i\000o\000n\000s}{section.13}% 62
\BOOKMARK [2][-]{subsection.13.2}{\376\377\000E\000M\000P\000\040\000U\000s\000e\000r\000\040\000E\000x\000p\000e\000r\000i\000e\000n\000c\000e}{section.13}% 63
\BOOKMARK [2][-]{subsection.13.3}{\376\377\000L\000i\000m\000i\000t\000a\000t\000i\000o\000n\000s}{section.13}% 64
\BOOKMARK [2][-]{subsection.13.4}{\376\377\000F\000u\000t\000u\000r\000e\000\040\000W\000o\000r\000k}{section.13}% 65
\BOOKMARK [1][-]{section.14}{\376\377\000C\000o\000n\000c\000l\000u\000s\000i\000o\000n}{}% 66
