This is pdfTeX, Version 3.141592653-2.6-1.40.25 (TeX Live 2023/Debian) (preloaded format=pdflatex 2025.11.14)  22 MAR 2026 23:00
entering extended mode
 restricted \write18 enabled.
 %&-line parsing enabled.
**paper.tex
(./paper.tex
LaTeX2e <2023-11-01> patch level 1
L3 programming layer <2024-01-22>
(/usr/share/texlive/texmf-dist/tex/latex/base/article.cls
Document Class: article 2023/05/17 v1.4n Standard LaTeX document class
(/usr/share/texlive/texmf-dist/tex/latex/base/size12.clo
File: size12.clo 2023/05/17 v1.4n Standard LaTeX file (size option)
)
\c@part=\count187
\c@section=\count188
\c@subsection=\count189
\c@subsubsection=\count190
\c@paragraph=\count191
\c@subparagraph=\count192
\c@figure=\count193
\c@table=\count194
\abovecaptionskip=\skip48
\belowcaptionskip=\skip49
\bibindent=\dimen140
)
(/usr/share/texlive/texmf-dist/tex/latex/base/inputenc.sty
Package: inputenc 2021/02/14 v1.3d Input encoding file
\inpenc@prehook=\toks17
\inpenc@posthook=\toks18
)
(/usr/share/texlive/texmf-dist/tex/latex/base/fontenc.sty
Package: fontenc 2021/04/29 v2.0v Standard LaTeX package
)
(/usr/share/texmf/tex/latex/lm/lmodern.sty
Package: lmodern 2015/05/01 v1.6.1 Latin Modern Fonts
LaTeX Font Info:    Overwriting symbol font `operators' in version `normal'
(Font)                  OT1/cmr/m/n --> OT1/lmr/m/n on input line 22.
LaTeX Font Info:    Overwriting symbol font `letters' in version `normal'
(Font)                  OML/cmm/m/it --> OML/lmm/m/it on input line 23.
LaTeX Font Info:    Overwriting symbol font `symbols' in version `normal'
(Font)                  OMS/cmsy/m/n --> OMS/lmsy/m/n on input line 24.
LaTeX Font Info:    Overwriting symbol font `largesymbols' in version `normal'
(Font)                  OMX/cmex/m/n --> OMX/lmex/m/n on input line 25.
LaTeX Font Info:    Overwriting symbol font `operators' in version `bold'
(Font)                  OT1/cmr/bx/n --> OT1/lmr/bx/n on input line 26.
LaTeX Font Info:    Overwriting symbol font `letters' in version `bold'
(Font)                  OML/cmm/b/it --> OML/lmm/b/it on input line 27.
LaTeX Font Info:    Overwriting symbol font `symbols' in version `bold'
(Font)                  OMS/cmsy/b/n --> OMS/lmsy/b/n on input line 28.
LaTeX Font Info:    Overwriting symbol font `largesymbols' in version `bold'
(Font)                  OMX/cmex/m/n --> OMX/lmex/m/n on input line 29.
LaTeX Font Info:    Overwriting math alphabet `\mathbf' in version `normal'
(Font)                  OT1/cmr/bx/n --> OT1/lmr/bx/n on input line 31.
LaTeX Font Info:    Overwriting math alphabet `\mathsf' in version `normal'
(Font)                  OT1/cmss/m/n --> OT1/lmss/m/n on input line 32.
LaTeX Font Info:    Overwriting math alphabet `\mathit' in version `normal'
(Font)                  OT1/cmr/m/it --> OT1/lmr/m/it on input line 33.
LaTeX Font Info:    Overwriting math alphabet `\mathtt' in version `normal'
(Font)                  OT1/cmtt/m/n --> OT1/lmtt/m/n on input line 34.
LaTeX Font Info:    Overwriting math alphabet `\mathbf' in version `bold'
(Font)                  OT1/cmr/bx/n --> OT1/lmr/bx/n on input line 35.
LaTeX Font Info:    Overwriting math alphabet `\mathsf' in version `bold'
(Font)                  OT1/cmss/bx/n --> OT1/lmss/bx/n on input line 36.
LaTeX Font Info:    Overwriting math alphabet `\mathit' in version `bold'
(Font)                  OT1/cmr/bx/it --> OT1/lmr/bx/it on input line 37.
LaTeX Font Info:    Overwriting math alphabet `\mathtt' in version `bold'
(Font)                  OT1/cmtt/m/n --> OT1/lmtt/m/n on input line 38.
)
(/usr/share/texlive/texmf-dist/tex/latex/amsmath/amsmath.sty
Package: amsmath 2023/05/13 v2.17o AMS math features
\@mathmargin=\skip50

For additional information on amsmath, use the `?' option.
(/usr/share/texlive/texmf-dist/tex/latex/amsmath/amstext.sty
Package: amstext 2021/08/26 v2.01 AMS text

(/usr/share/texlive/texmf-dist/tex/latex/amsmath/amsgen.sty
File: amsgen.sty 1999/11/30 v2.0 generic functions
\@emptytoks=\toks19
\ex@=\dimen141
))
(/usr/share/texlive/texmf-dist/tex/latex/amsmath/amsbsy.sty
Package: amsbsy 1999/11/29 v1.2d Bold Symbols
\pmbraise@=\dimen142
)
(/usr/share/texlive/texmf-dist/tex/latex/amsmath/amsopn.sty
Package: amsopn 2022/04/08 v2.04 operator names
)
\inf@bad=\count195
LaTeX Info: Redefining \frac on input line 234.
\uproot@=\count196
\leftroot@=\count197
LaTeX Info: Redefining \overline on input line 399.
LaTeX Info: Redefining \colon on input line 410.
\classnum@=\count198
\DOTSCASE@=\count199
LaTeX Info: Redefining \ldots on input line 496.
LaTeX Info: Redefining \dots on input line 499.
LaTeX Info: Redefining \cdots on input line 620.
\Mathstrutbox@=\box51
\strutbox@=\box52
LaTeX Info: Redefining \big on input line 722.
LaTeX Info: Redefining \Big on input line 723.
LaTeX Info: Redefining \bigg on input line 724.
LaTeX Info: Redefining \Bigg on input line 725.
\big@size=\dimen143
LaTeX Font Info:    Redeclaring font encoding OML on input line 743.
LaTeX Font Info:    Redeclaring font encoding OMS on input line 744.
\macc@depth=\count266
LaTeX Info: Redefining \bmod on input line 905.
LaTeX Info: Redefining \pmod on input line 910.
LaTeX Info: Redefining \smash on input line 940.
LaTeX Info: Redefining \relbar on input line 970.
LaTeX Info: Redefining \Relbar on input line 971.
\c@MaxMatrixCols=\count267
\dotsspace@=\muskip16
\c@parentequation=\count268
\dspbrk@lvl=\count269
\tag@help=\toks20
\row@=\count270
\column@=\count271
\maxfields@=\count272
\andhelp@=\toks21
\eqnshift@=\dimen144
\alignsep@=\dimen145
\tagshift@=\dimen146
\tagwidth@=\dimen147
\totwidth@=\dimen148
\lineht@=\dimen149
\@envbody=\toks22
\multlinegap=\skip51
\multlinetaggap=\skip52
\mathdisplay@stack=\toks23
LaTeX Info: Redefining \[ on input line 2953.
LaTeX Info: Redefining \] on input line 2954.
)
(/usr/share/texlive/texmf-dist/tex/latex/amsfonts/amssymb.sty
Package: amssymb 2013/01/14 v3.01 AMS font symbols

(/usr/share/texlive/texmf-dist/tex/latex/amsfonts/amsfonts.sty
Package: amsfonts 2013/01/14 v3.01 Basic AMSFonts support
\symAMSa=\mathgroup4
\symAMSb=\mathgroup5
LaTeX Font Info:    Redeclaring math symbol \hbar on input line 98.
LaTeX Font Info:    Overwriting math alphabet `\mathfrak' in version `bold'
(Font)                  U/euf/m/n --> U/euf/b/n on input line 106.
))
(/usr/share/texlive/texmf-dist/tex/latex/amscls/amsthm.sty
Package: amsthm 2020/05/29 v2.20.6
\thm@style=\toks24
\thm@bodyfont=\toks25
\thm@headfont=\toks26
\thm@notefont=\toks27
\thm@headpunct=\toks28
\thm@preskip=\skip53
\thm@postskip=\skip54
\thm@headsep=\skip55
\dth@everypar=\toks29
)
(/usr/share/texlive/texmf-dist/tex/latex/graphics/graphicx.sty
Package: graphicx 2021/09/16 v1.2d Enhanced LaTeX Graphics (DPC,SPQR)

(/usr/share/texlive/texmf-dist/tex/latex/graphics/keyval.sty
Package: keyval 2022/05/29 v1.15 key=value parser (DPC)
\KV@toks@=\toks30
)
(/usr/share/texlive/texmf-dist/tex/latex/graphics/graphics.sty
Package: graphics 2022/03/10 v1.4e Standard LaTeX Graphics (DPC,SPQR)

(/usr/share/texlive/texmf-dist/tex/latex/graphics/trig.sty
Package: trig 2021/08/11 v1.11 sin cos tan (DPC)
)
(/usr/share/texlive/texmf-dist/tex/latex/graphics-cfg/graphics.cfg
File: graphics.cfg 2016/06/04 v1.11 sample graphics configuration
)
Package graphics Info: Driver file: pdftex.def on input line 107.

(/usr/share/texlive/texmf-dist/tex/latex/graphics-def/pdftex.def
File: pdftex.def 2022/09/22 v1.2b Graphics/color driver for pdftex
))
\Gin@req@height=\dimen150
\Gin@req@width=\dimen151
)
(/usr/share/texlive/texmf-dist/tex/latex/hyperref/hyperref.sty
Package: hyperref 2024-01-20 v7.01h Hypertext links for LaTeX

(/usr/share/texlive/texmf-dist/tex/generic/iftex/iftex.sty
Package: iftex 2022/02/03 v1.0f TeX engine tests
)
(/usr/share/texlive/texmf-dist/tex/latex/kvsetkeys/kvsetkeys.sty
Package: kvsetkeys 2022-10-05 v1.19 Key value parser (HO)
)
(/usr/share/texlive/texmf-dist/tex/generic/kvdefinekeys/kvdefinekeys.sty
Package: kvdefinekeys 2019-12-19 v1.6 Define keys (HO)
)
(/usr/share/texlive/texmf-dist/tex/generic/pdfescape/pdfescape.sty
Package: pdfescape 2019/12/09 v1.15 Implements pdfTeX's escape features (HO)

(/usr/share/texlive/texmf-dist/tex/generic/ltxcmds/ltxcmds.sty
Package: ltxcmds 2023-12-04 v1.26 LaTeX kernel commands for general use (HO)
)
(/usr/share/texlive/texmf-dist/tex/generic/pdftexcmds/pdftexcmds.sty
Package: pdftexcmds 2020-06-27 v0.33 Utility functions of pdfTeX for LuaTeX (HO
)

(/usr/share/texlive/texmf-dist/tex/generic/infwarerr/infwarerr.sty
Package: infwarerr 2019/12/03 v1.5 Providing info/warning/error messages (HO)
)
Package pdftexcmds Info: \pdf@primitive is available.
Package pdftexcmds Info: \pdf@ifprimitive is available.
Package pdftexcmds Info: \pdfdraftmode found.
))
(/usr/share/texlive/texmf-dist/tex/latex/hycolor/hycolor.sty
Package: hycolor 2020-01-27 v1.10 Color options for hyperref/bookmark (HO)
)
(/usr/share/texlive/texmf-dist/tex/latex/auxhook/auxhook.sty
Package: auxhook 2019-12-17 v1.6 Hooks for auxiliary files (HO)
)
(/usr/share/texlive/texmf-dist/tex/latex/hyperref/nameref.sty
Package: nameref 2023-11-26 v2.56 Cross-referencing by name of section

(/usr/share/texlive/texmf-dist/tex/latex/refcount/refcount.sty
Package: refcount 2019/12/15 v3.6 Data extraction from label references (HO)
)
(/usr/share/texlive/texmf-dist/tex/generic/gettitlestring/gettitlestring.sty
Package: gettitlestring 2019/12/15 v1.6 Cleanup title references (HO)

(/usr/share/texlive/texmf-dist/tex/latex/kvoptions/kvoptions.sty
Package: kvoptions 2022-06-15 v3.15 Key value format for package options (HO)
))
\c@section@level=\count273
)
(/usr/share/texlive/texmf-dist/tex/latex/etoolbox/etoolbox.sty
Package: etoolbox 2020/10/05 v2.5k e-TeX tools for LaTeX (JAW)
\etb@tempcnta=\count274
)
\@linkdim=\dimen152
\Hy@linkcounter=\count275
\Hy@pagecounter=\count276

(/usr/share/texlive/texmf-dist/tex/latex/hyperref/pd1enc.def
File: pd1enc.def 2024-01-20 v7.01h Hyperref: PDFDocEncoding definition (HO)
Now handling font encoding PD1 ...
... no UTF-8 mapping file for font encoding PD1
)
(/usr/share/texlive/texmf-dist/tex/generic/intcalc/intcalc.sty
Package: intcalc 2019/12/15 v1.3 Expandable calculations with integers (HO)
)
\Hy@SavedSpaceFactor=\count277

(/usr/share/texlive/texmf-dist/tex/latex/hyperref/puenc.def
File: puenc.def 2024-01-20 v7.01h Hyperref: PDF Unicode definition (HO)
Now handling font encoding PU ...
... no UTF-8 mapping file for font encoding PU
)
Package hyperref Info: Hyper figures OFF on input line 4179.
Package hyperref Info: Link nesting OFF on input line 4184.
Package hyperref Info: Hyper index ON on input line 4187.
Package hyperref Info: Plain pages OFF on input line 4194.
Package hyperref Info: Backreferencing OFF on input line 4199.
Package hyperref Info: Implicit mode ON; LaTeX internals redefined.
Package hyperref Info: Bookmarks ON on input line 4446.
\c@Hy@tempcnt=\count278

(/usr/share/texlive/texmf-dist/tex/latex/url/url.sty
\Urlmuskip=\muskip17
Package: url 2013/09/16  ver 3.4  Verb mode for urls, etc.
)
LaTeX Info: Redefining \url on input line 4784.
\XeTeXLinkMargin=\dimen153

(/usr/share/texlive/texmf-dist/tex/generic/bitset/bitset.sty
Package: bitset 2019/12/09 v1.3 Handle bit-vector datatype (HO)

(/usr/share/texlive/texmf-dist/tex/generic/bigintcalc/bigintcalc.sty
Package: bigintcalc 2019/12/15 v1.5 Expandable calculations on big integers (HO
)
))
\Fld@menulength=\count279
\Field@Width=\dimen154
\Fld@charsize=\dimen155
Package hyperref Info: Hyper figures OFF on input line 6063.
Package hyperref Info: Link nesting OFF on input line 6068.
Package hyperref Info: Hyper index ON on input line 6071.
Package hyperref Info: backreferencing OFF on input line 6078.
Package hyperref Info: Link coloring OFF on input line 6083.
Package hyperref Info: Link coloring with OCG OFF on input line 6088.
Package hyperref Info: PDF/A mode OFF on input line 6093.

(/usr/share/texlive/texmf-dist/tex/latex/base/atbegshi-ltx.sty
Package: atbegshi-ltx 2021/01/10 v1.0c Emulation of the original atbegshi
package with kernel methods
)
\Hy@abspage=\count280
\c@Item=\count281
\c@Hfootnote=\count282
)
Package hyperref Info: Driver (autodetected): hpdftex.

(/usr/share/texlive/texmf-dist/tex/latex/hyperref/hpdftex.def
File: hpdftex.def 2024-01-20 v7.01h Hyperref driver for pdfTeX

(/usr/share/texlive/texmf-dist/tex/latex/base/atveryend-ltx.sty
Package: atveryend-ltx 2020/08/19 v1.0a Emulation of the original atveryend pac
kage
with kernel methods
)
\Fld@listcount=\count283
\c@bookmark@seq@number=\count284

(/usr/share/texlive/texmf-dist/tex/latex/rerunfilecheck/rerunfilecheck.sty
Package: rerunfilecheck 2022-07-10 v1.10 Rerun checks for auxiliary files (HO)

(/usr/share/texlive/texmf-dist/tex/generic/uniquecounter/uniquecounter.sty
Package: uniquecounter 2019/12/15 v1.4 Provide unlimited unique counter (HO)
)
Package uniquecounter Info: New unique counter `rerunfilecheck' on input line 2
85.
)
\Hy@SectionHShift=\skip56
)
(/usr/share/texlive/texmf-dist/tex/latex/booktabs/booktabs.sty
Package: booktabs 2020/01/12 v1.61803398 Publication quality tables
\heavyrulewidth=\dimen156
\lightrulewidth=\dimen157
\cmidrulewidth=\dimen158
\belowrulesep=\dimen159
\belowbottomsep=\dimen160
\aboverulesep=\dimen161
\abovetopsep=\dimen162
\cmidrulesep=\dimen163
\cmidrulekern=\dimen164
\defaultaddspace=\dimen165
\@cmidla=\count285
\@cmidlb=\count286
\@aboverulesep=\dimen166
\@belowrulesep=\dimen167
\@thisruleclass=\count287
\@lastruleclass=\count288
\@thisrulewidth=\dimen168
)
(/usr/share/texlive/texmf-dist/tex/latex/tools/tabularx.sty
Package: tabularx 2023/07/08 v2.11c `tabularx' package (DPC)

(/usr/share/texlive/texmf-dist/tex/latex/tools/array.sty
Package: array 2023/10/16 v2.5g Tabular extension package (FMi)
\col@sep=\dimen169
\ar@mcellbox=\box53
\extrarowheight=\dimen170
\NC@list=\toks31
\extratabsurround=\skip57
\backup@length=\skip58
\ar@cellbox=\box54
)
\TX@col@width=\dimen171
\TX@old@table=\dimen172
\TX@old@col=\dimen173
\TX@target=\dimen174
\TX@delta=\dimen175
\TX@cols=\count289
\TX@ftn=\toks32
)
(/usr/share/texlive/texmf-dist/tex/latex/algorithms/algorithm.sty
Package: algorithm 2009/08/24 v0.1 Document Style `algorithm' - floating enviro
nment

(/usr/share/texlive/texmf-dist/tex/latex/float/float.sty
Package: float 2001/11/08 v1.3d Float enhancements (AL)
\c@float@type=\count290
\float@exts=\toks33
\float@box=\box55
\@float@everytoks=\toks34
\@floatcapt=\box56
)
(/usr/share/texlive/texmf-dist/tex/latex/base/ifthen.sty
Package: ifthen 2022/04/13 v1.1d Standard LaTeX ifthen package (DPC)
)
\@float@every@algorithm=\toks35
\c@algorithm=\count291
)
(/usr/share/texlive/texmf-dist/tex/latex/algorithms/algorithmic.sty
Package: algorithmic 2009/08/24 v0.1 Document Style `algorithmic'
\c@ALC@unique=\count292
\c@ALC@line=\count293
\c@ALC@rem=\count294
\c@ALC@depth=\count295
\ALC@tlm=\skip59
\algorithmicindent=\skip60
)
(/usr/share/texlive/texmf-dist/tex/latex/enumitem/enumitem.sty
Package: enumitem 2019/06/20 v3.9 Customized lists
\labelindent=\skip61
\enit@outerparindent=\dimen176
\enit@toks=\toks36
\enit@inbox=\box57
\enit@count@id=\count296
\enitdp@description=\count297
)
(/usr/share/texlive/texmf-dist/tex/latex/xcolor/xcolor.sty
Package: xcolor 2023/11/15 v3.01 LaTeX color extensions (UK)

(/usr/share/texlive/texmf-dist/tex/latex/graphics-cfg/color.cfg
File: color.cfg 2016/01/02 v1.6 sample color configuration
)
Package xcolor Info: Driver file: pdftex.def on input line 274.

(/usr/share/texlive/texmf-dist/tex/latex/graphics/mathcolor.ltx)
Package xcolor Info: Model `cmy' substituted by `cmy0' on input line 1350.
Package xcolor Info: Model `hsb' substituted by `rgb' on input line 1354.
Package xcolor Info: Model `RGB' extended on input line 1366.
Package xcolor Info: Model `HTML' substituted by `rgb' on input line 1368.
Package xcolor Info: Model `Hsb' substituted by `hsb' on input line 1369.
Package xcolor Info: Model `tHsb' substituted by `hsb' on input line 1370.
Package xcolor Info: Model `HSB' substituted by `hsb' on input line 1371.
Package xcolor Info: Model `Gray' substituted by `gray' on input line 1372.
Package xcolor Info: Model `wave' substituted by `hsb' on input line 1373.
)
(/usr/share/texlive/texmf-dist/tex/latex/geometry/geometry.sty
Package: geometry 2020/01/02 v5.9 Page Geometry

(/usr/share/texlive/texmf-dist/tex/generic/iftex/ifvtex.sty
Package: ifvtex 2019/10/25 v1.7 ifvtex legacy package. Use iftex instead.
)
\Gm@cnth=\count298
\Gm@cntv=\count299
\c@Gm@tempcnt=\count300
\Gm@bindingoffset=\dimen177
\Gm@wd@mp=\dimen178
\Gm@odd@mp=\dimen179
\Gm@even@mp=\dimen180
\Gm@layoutwidth=\dimen181
\Gm@layoutheight=\dimen182
\Gm@layouthoffset=\dimen183
\Gm@layoutvoffset=\dimen184
\Gm@dimlist=\toks37
)
(/usr/share/texlive/texmf-dist/tex/latex/fancyhdr/fancyhdr.sty
Package: fancyhdr 2022/11/09 v4.1 Extensive control of page headers and footers

\f@nch@headwidth=\skip62
\f@nch@O@elh=\skip63
\f@nch@O@erh=\skip64
\f@nch@O@olh=\skip65
\f@nch@O@orh=\skip66
\f@nch@O@elf=\skip67
\f@nch@O@erf=\skip68
\f@nch@O@olf=\skip69
\f@nch@O@orf=\skip70
)
(/usr/share/texlive/texmf-dist/tex/latex/cite/cite.sty
LaTeX Info: Redefining \cite on input line 302.
LaTeX Info: Redefining \nocite on input line 332.
Package: cite 2015/02/27  v 5.5
)
(/usr/share/texlive/texmf-dist/tex/latex/pgf/frontendlayer/tikz.sty
(/usr/share/texlive/texmf-dist/tex/latex/pgf/basiclayer/pgf.sty
(/usr/share/texlive/texmf-dist/tex/latex/pgf/utilities/pgfrcs.sty
(/usr/share/texlive/texmf-dist/tex/generic/pgf/utilities/pgfutil-common.tex
\pgfutil@everybye=\toks38
\pgfutil@tempdima=\dimen185
\pgfutil@tempdimb=\dimen186
)
(/usr/share/texlive/texmf-dist/tex/generic/pgf/utilities/pgfutil-latex.def
\pgfutil@abb=\box58
)
(/usr/share/texlive/texmf-dist/tex/generic/pgf/utilities/pgfrcs.code.tex
(/usr/share/texlive/texmf-dist/tex/generic/pgf/pgf.revision.tex)
Package: pgfrcs 2023-01-15 v3.1.10 (3.1.10)
))
Package: pgf 2023-01-15 v3.1.10 (3.1.10)

(/usr/share/texlive/texmf-dist/tex/latex/pgf/basiclayer/pgfcore.sty
(/usr/share/texlive/texmf-dist/tex/latex/pgf/systemlayer/pgfsys.sty
(/usr/share/texlive/texmf-dist/tex/generic/pgf/systemlayer/pgfsys.code.tex
Package: pgfsys 2023-01-15 v3.1.10 (3.1.10)

(/usr/share/texlive/texmf-dist/tex/generic/pgf/utilities/pgfkeys.code.tex
\pgfkeys@pathtoks=\toks39
\pgfkeys@temptoks=\toks40

(/usr/share/texlive/texmf-dist/tex/generic/pgf/utilities/pgfkeyslibraryfiltered
.code.tex
\pgfkeys@tmptoks=\toks41
))
\pgf@x=\dimen187
\pgf@y=\dimen188
\pgf@xa=\dimen189
\pgf@ya=\dimen190
\pgf@xb=\dimen191
\pgf@yb=\dimen192
\pgf@xc=\dimen193
\pgf@yc=\dimen194
\pgf@xd=\dimen195
\pgf@yd=\dimen196
\w@pgf@writea=\write3
\r@pgf@reada=\read2
\c@pgf@counta=\count301
\c@pgf@countb=\count302
\c@pgf@countc=\count303
\c@pgf@countd=\count304
\t@pgf@toka=\toks42
\t@pgf@tokb=\toks43
\t@pgf@tokc=\toks44
\pgf@sys@id@count=\count305
 (/usr/share/texlive/texmf-dist/tex/generic/pgf/systemlayer/pgf.cfg
File: pgf.cfg 2023-01-15 v3.1.10 (3.1.10)
)
Driver file for pgf: pgfsys-pdftex.def
(/usr/share/texlive/texmf-dist/tex/generic/pgf/systemlayer/pgfsys-pdftex.def
File: pgfsys-pdftex.def 2023-01-15 v3.1.10 (3.1.10)

(/usr/share/texlive/texmf-dist/tex/generic/pgf/systemlayer/pgfsys-common-pdf.de
f
File: pgfsys-common-pdf.def 2023-01-15 v3.1.10 (3.1.10)
)))
(/usr/share/texlive/texmf-dist/tex/generic/pgf/systemlayer/pgfsyssoftpath.code.
tex
File: pgfsyssoftpath.code.tex 2023-01-15 v3.1.10 (3.1.10)
\pgfsyssoftpath@smallbuffer@items=\count306
\pgfsyssoftpath@bigbuffer@items=\count307
)
(/usr/share/texlive/texmf-dist/tex/generic/pgf/systemlayer/pgfsysprotocol.code.
tex
File: pgfsysprotocol.code.tex 2023-01-15 v3.1.10 (3.1.10)
))
(/usr/share/texlive/texmf-dist/tex/generic/pgf/basiclayer/pgfcore.code.tex
Package: pgfcore 2023-01-15 v3.1.10 (3.1.10)

(/usr/share/texlive/texmf-dist/tex/generic/pgf/math/pgfmath.code.tex
(/usr/share/texlive/texmf-dist/tex/generic/pgf/math/pgfmathutil.code.tex)
(/usr/share/texlive/texmf-dist/tex/generic/pgf/math/pgfmathparser.code.tex
\pgfmath@dimen=\dimen197
\pgfmath@count=\count308
\pgfmath@box=\box59
\pgfmath@toks=\toks45
\pgfmath@stack@operand=\toks46
\pgfmath@stack@operation=\toks47
)
(/usr/share/texlive/texmf-dist/tex/generic/pgf/math/pgfmathfunctions.code.tex)
(/usr/share/texlive/texmf-dist/tex/generic/pgf/math/pgfmathfunctions.basic.code
.tex)
(/usr/share/texlive/texmf-dist/tex/generic/pgf/math/pgfmathfunctions.trigonomet
ric.code.tex)
(/usr/share/texlive/texmf-dist/tex/generic/pgf/math/pgfmathfunctions.random.cod
e.tex)
(/usr/share/texlive/texmf-dist/tex/generic/pgf/math/pgfmathfunctions.comparison
.code.tex)
(/usr/share/texlive/texmf-dist/tex/generic/pgf/math/pgfmathfunctions.base.code.
tex)
(/usr/share/texlive/texmf-dist/tex/generic/pgf/math/pgfmathfunctions.round.code
.tex)
(/usr/share/texlive/texmf-dist/tex/generic/pgf/math/pgfmathfunctions.misc.code.
tex)
(/usr/share/texlive/texmf-dist/tex/generic/pgf/math/pgfmathfunctions.integerari
thmetics.code.tex)
(/usr/share/texlive/texmf-dist/tex/generic/pgf/math/pgfmathcalc.code.tex)
(/usr/share/texlive/texmf-dist/tex/generic/pgf/math/pgfmathfloat.code.tex
\c@pgfmathroundto@lastzeros=\count309
))
(/usr/share/texlive/texmf-dist/tex/generic/pgf/math/pgfint.code.tex)
(/usr/share/texlive/texmf-dist/tex/generic/pgf/basiclayer/pgfcorepoints.code.te
x
File: pgfcorepoints.code.tex 2023-01-15 v3.1.10 (3.1.10)
\pgf@picminx=\dimen198
\pgf@picmaxx=\dimen199
\pgf@picminy=\dimen256
\pgf@picmaxy=\dimen257
\pgf@pathminx=\dimen258
\pgf@pathmaxx=\dimen259
\pgf@pathminy=\dimen260
\pgf@pathmaxy=\dimen261
\pgf@xx=\dimen262
\pgf@xy=\dimen263
\pgf@yx=\dimen264
\pgf@yy=\dimen265
\pgf@zx=\dimen266
\pgf@zy=\dimen267
)
(/usr/share/texlive/texmf-dist/tex/generic/pgf/basiclayer/pgfcorepathconstruct.
code.tex
File: pgfcorepathconstruct.code.tex 2023-01-15 v3.1.10 (3.1.10)
\pgf@path@lastx=\dimen268
\pgf@path@lasty=\dimen269
)
(/usr/share/texlive/texmf-dist/tex/generic/pgf/basiclayer/pgfcorepathusage.code
.tex
File: pgfcorepathusage.code.tex 2023-01-15 v3.1.10 (3.1.10)
\pgf@shorten@end@additional=\dimen270
\pgf@shorten@start@additional=\dimen271
)
(/usr/share/texlive/texmf-dist/tex/generic/pgf/basiclayer/pgfcorescopes.code.te
x
File: pgfcorescopes.code.tex 2023-01-15 v3.1.10 (3.1.10)
\pgfpic=\box60
\pgf@hbox=\box61
\pgf@layerbox@main=\box62
\pgf@picture@serial@count=\count310
)
(/usr/share/texlive/texmf-dist/tex/generic/pgf/basiclayer/pgfcoregraphicstate.c
ode.tex
File: pgfcoregraphicstate.code.tex 2023-01-15 v3.1.10 (3.1.10)
\pgflinewidth=\dimen272
)
(/usr/share/texlive/texmf-dist/tex/generic/pgf/basiclayer/pgfcoretransformation
s.code.tex
File: pgfcoretransformations.code.tex 2023-01-15 v3.1.10 (3.1.10)
\pgf@pt@x=\dimen273
\pgf@pt@y=\dimen274
\pgf@pt@temp=\dimen275
)
(/usr/share/texlive/texmf-dist/tex/generic/pgf/basiclayer/pgfcorequick.code.tex
File: pgfcorequick.code.tex 2023-01-15 v3.1.10 (3.1.10)
)
(/usr/share/texlive/texmf-dist/tex/generic/pgf/basiclayer/pgfcoreobjects.code.t
ex
File: pgfcoreobjects.code.tex 2023-01-15 v3.1.10 (3.1.10)
)
(/usr/share/texlive/texmf-dist/tex/generic/pgf/basiclayer/pgfcorepathprocessing
.code.tex
File: pgfcorepathprocessing.code.tex 2023-01-15 v3.1.10 (3.1.10)
)
(/usr/share/texlive/texmf-dist/tex/generic/pgf/basiclayer/pgfcorearrows.code.te
x
File: pgfcorearrows.code.tex 2023-01-15 v3.1.10 (3.1.10)
\pgfarrowsep=\dimen276
)
(/usr/share/texlive/texmf-dist/tex/generic/pgf/basiclayer/pgfcoreshade.code.tex
File: pgfcoreshade.code.tex 2023-01-15 v3.1.10 (3.1.10)
\pgf@max=\dimen277
\pgf@sys@shading@range@num=\count311
\pgf@shadingcount=\count312
)
(/usr/share/texlive/texmf-dist/tex/generic/pgf/basiclayer/pgfcoreimage.code.tex
File: pgfcoreimage.code.tex 2023-01-15 v3.1.10 (3.1.10)
)
(/usr/share/texlive/texmf-dist/tex/generic/pgf/basiclayer/pgfcoreexternal.code.
tex
File: pgfcoreexternal.code.tex 2023-01-15 v3.1.10 (3.1.10)
\pgfexternal@startupbox=\box63
)
(/usr/share/texlive/texmf-dist/tex/generic/pgf/basiclayer/pgfcorelayers.code.te
x
File: pgfcorelayers.code.tex 2023-01-15 v3.1.10 (3.1.10)
)
(/usr/share/texlive/texmf-dist/tex/generic/pgf/basiclayer/pgfcoretransparency.c
ode.tex
File: pgfcoretransparency.code.tex 2023-01-15 v3.1.10 (3.1.10)
)
(/usr/share/texlive/texmf-dist/tex/generic/pgf/basiclayer/pgfcorepatterns.code.
tex
File: pgfcorepatterns.code.tex 2023-01-15 v3.1.10 (3.1.10)
)
(/usr/share/texlive/texmf-dist/tex/generic/pgf/basiclayer/pgfcorerdf.code.tex
File: pgfcorerdf.code.tex 2023-01-15 v3.1.10 (3.1.10)
)))
(/usr/share/texlive/texmf-dist/tex/generic/pgf/modules/pgfmoduleshapes.code.tex
File: pgfmoduleshapes.code.tex 2023-01-15 v3.1.10 (3.1.10)
\pgfnodeparttextbox=\box64
) (/usr/share/texlive/texmf-dist/tex/generic/pgf/modules/pgfmoduleplot.code.tex
File: pgfmoduleplot.code.tex 2023-01-15 v3.1.10 (3.1.10)
)
(/usr/share/texlive/texmf-dist/tex/latex/pgf/compatibility/pgfcomp-version-0-65
.sty
Package: pgfcomp-version-0-65 2023-01-15 v3.1.10 (3.1.10)
\pgf@nodesepstart=\dimen278
\pgf@nodesepend=\dimen279
)
(/usr/share/texlive/texmf-dist/tex/latex/pgf/compatibility/pgfcomp-version-1-18
.sty
Package: pgfcomp-version-1-18 2023-01-15 v3.1.10 (3.1.10)
)) (/usr/share/texlive/texmf-dist/tex/latex/pgf/utilities/pgffor.sty
(/usr/share/texlive/texmf-dist/tex/latex/pgf/utilities/pgfkeys.sty
(/usr/share/texlive/texmf-dist/tex/generic/pgf/utilities/pgfkeys.code.tex))
(/usr/share/texlive/texmf-dist/tex/latex/pgf/math/pgfmath.sty
(/usr/share/texlive/texmf-dist/tex/generic/pgf/math/pgfmath.code.tex))
(/usr/share/texlive/texmf-dist/tex/generic/pgf/utilities/pgffor.code.tex
Package: pgffor 2023-01-15 v3.1.10 (3.1.10)
\pgffor@iter=\dimen280
\pgffor@skip=\dimen281
\pgffor@stack=\toks48
\pgffor@toks=\toks49
))
(/usr/share/texlive/texmf-dist/tex/generic/pgf/frontendlayer/tikz/tikz.code.tex
Package: tikz 2023-01-15 v3.1.10 (3.1.10)

(/usr/share/texlive/texmf-dist/tex/generic/pgf/libraries/pgflibraryplothandlers
.code.tex
File: pgflibraryplothandlers.code.tex 2023-01-15 v3.1.10 (3.1.10)
\pgf@plot@mark@count=\count313
\pgfplotmarksize=\dimen282
)
\tikz@lastx=\dimen283
\tikz@lasty=\dimen284
\tikz@lastxsaved=\dimen285
\tikz@lastysaved=\dimen286
\tikz@lastmovetox=\dimen287
\tikz@lastmovetoy=\dimen288
\tikzleveldistance=\dimen289
\tikzsiblingdistance=\dimen290
\tikz@figbox=\box65
\tikz@figbox@bg=\box66
\tikz@tempbox=\box67
\tikz@tempbox@bg=\box68
\tikztreelevel=\count314
\tikznumberofchildren=\count315
\tikznumberofcurrentchild=\count316
\tikz@fig@count=\count317

(/usr/share/texlive/texmf-dist/tex/generic/pgf/modules/pgfmodulematrix.code.tex
File: pgfmodulematrix.code.tex 2023-01-15 v3.1.10 (3.1.10)
\pgfmatrixcurrentrow=\count318
\pgfmatrixcurrentcolumn=\count319
\pgf@matrix@numberofcolumns=\count320
)
\tikz@expandcount=\count321

(/usr/share/texlive/texmf-dist/tex/generic/pgf/frontendlayer/tikz/libraries/tik
zlibrarytopaths.code.tex
File: tikzlibrarytopaths.code.tex 2023-01-15 v3.1.10 (3.1.10)
)))
(/usr/share/texlive/texmf-dist/tex/generic/pgf/libraries/pgflibraryarrows.meta.
code.tex
File: pgflibraryarrows.meta.code.tex 2023-01-15 v3.1.10 (3.1.10)
\pgfarrowinset=\dimen291
\pgfarrowlength=\dimen292
\pgfarrowwidth=\dimen293
\pgfarrowlinewidth=\dimen294
)
(/usr/share/texlive/texmf-dist/tex/generic/pgf/frontendlayer/tikz/libraries/tik
zlibrarypositioning.code.tex
File: tikzlibrarypositioning.code.tex 2023-01-15 v3.1.10 (3.1.10)
)
(/usr/share/texlive/texmf-dist/tex/generic/pgf/frontendlayer/tikz/libraries/tik
zlibraryshapes.geometric.code.tex
File: tikzlibraryshapes.geometric.code.tex 2023-01-15 v3.1.10 (3.1.10)

(/usr/share/texlive/texmf-dist/tex/generic/pgf/libraries/shapes/pgflibraryshape
s.geometric.code.tex
File: pgflibraryshapes.geometric.code.tex 2023-01-15 v3.1.10 (3.1.10)
))
(/usr/share/texlive/texmf-dist/tex/generic/pgf/frontendlayer/tikz/libraries/tik
zlibrarycalc.code.tex
File: tikzlibrarycalc.code.tex 2023-01-15 v3.1.10 (3.1.10)
)
(/usr/share/texlive/texmf-dist/tex/generic/pgf/frontendlayer/tikz/libraries/tik
zlibrarydecorations.pathmorphing.code.tex
(/usr/share/texlive/texmf-dist/tex/generic/pgf/frontendlayer/tikz/libraries/tik
zlibrarydecorations.code.tex
(/usr/share/texlive/texmf-dist/tex/generic/pgf/modules/pgfmoduledecorations.cod
e.tex
\pgfdecoratedcompleteddistance=\dimen295
\pgfdecoratedremainingdistance=\dimen296
\pgfdecoratedinputsegmentcompleteddistance=\dimen297
\pgfdecoratedinputsegmentremainingdistance=\dimen298
\pgf@decorate@distancetomove=\dimen299
\pgf@decorate@repeatstate=\count322
\pgfdecorationsegmentamplitude=\dimen300
\pgfdecorationsegmentlength=\dimen301
)
\tikz@lib@dec@box=\box69
)
(/usr/share/texlive/texmf-dist/tex/generic/pgf/libraries/decorations/pgflibrary
decorations.pathmorphing.code.tex))
(/usr/share/texlive/texmf-dist/tex/latex/pgfplots/pgfplots.sty
(/usr/share/texlive/texmf-dist/tex/generic/pgfplots/pgfplots.revision.tex)
Package: pgfplots 2021/05/15 v1.18.1 Data Visualization (1.18.1)

(/usr/share/texlive/texmf-dist/tex/generic/pgfplots/pgfplots.code.tex
(/usr/share/texlive/texmf-dist/tex/generic/pgfplots/pgfplotscore.code.tex
\t@pgfplots@toka=\toks50
\t@pgfplots@tokb=\toks51
\t@pgfplots@tokc=\toks52
\pgfplots@tmpa=\dimen302
\c@pgfplots@coordindex=\count323
\c@pgfplots@scanlineindex=\count324

(/usr/share/texlive/texmf-dist/tex/generic/pgfplots/sys/pgfplotssysgeneric.code
.tex))
(/usr/share/texlive/texmf-dist/tex/generic/pgfplots/libs/pgfplotslibrary.code.t
ex)
(/usr/share/texlive/texmf-dist/tex/generic/pgfplots/oldpgfcompatib/pgfplotsoldp
gfsupp_loader.code.tex
(/usr/share/texlive/texmf-dist/tex/generic/pgf/libraries/pgflibraryfpu.code.tex
)
Package pgfplots: loading complementary utilities for your pgf version...
\t@pgf@toka=\toks53
\t@pgf@tokb=\toks54
\t@pgf@tokc=\toks55

(/usr/share/texlive/texmf-dist/tex/generic/pgfplots/oldpgfcompatib/pgfplotsoldp
gfsupp_pgfutil-common-lists.tex))
(/usr/share/texlive/texmf-dist/tex/generic/pgfplots/util/pgfplotsutil.code.tex
(/usr/share/texlive/texmf-dist/tex/generic/pgfplots/liststructure/pgfplotslists
tructure.code.tex)
(/usr/share/texlive/texmf-dist/tex/generic/pgfplots/liststructure/pgfplotslists
tructureext.code.tex)
(/usr/share/texlive/texmf-dist/tex/generic/pgfplots/liststructure/pgfplotsarray
.code.tex
\c@pgfplotsarray@tmp=\count325
)
(/usr/share/texlive/texmf-dist/tex/generic/pgfplots/liststructure/pgfplotsmatri
x.code.tex)
(/usr/share/texlive/texmf-dist/tex/generic/pgfplots/numtable/pgfplotstableshare
d.code.tex
\c@pgfplotstable@counta=\count326
\t@pgfplotstable@a=\toks56
)
(/usr/share/texlive/texmf-dist/tex/generic/pgfplots/liststructure/pgfplotsdeque
.code.tex)
(/usr/share/texlive/texmf-dist/tex/generic/pgfplots/util/pgfplotsbinary.code.te
x
(/usr/share/texlive/texmf-dist/tex/generic/pgfplots/util/pgfplotsbinary.data.co
de.tex))
(/usr/share/texlive/texmf-dist/tex/generic/pgfplots/util/pgfplotsutil.verb.code
.tex)
(/usr/share/texlive/texmf-dist/tex/generic/pgfplots/libs/pgflibrarypgfplots.sur
fshading.code.tex
\c@pgfplotslibrarysurf@no=\count327

(/usr/share/texlive/texmf-dist/tex/generic/pgfplots/sys/pgflibrarypgfplots.surf
shading.pgfsys-pdftex.def)))
(/usr/share/texlive/texmf-dist/tex/generic/pgfplots/util/pgfplotscolormap.code.
tex
(/usr/share/texlive/texmf-dist/tex/generic/pgfplots/util/pgfplotscolor.code.tex
))
(/usr/share/texlive/texmf-dist/tex/generic/pgfplots/pgfplotsstackedplots.code.t
ex)
(/usr/share/texlive/texmf-dist/tex/generic/pgfplots/pgfplotsplothandlers.code.t
ex
(/usr/share/texlive/texmf-dist/tex/generic/pgfplots/pgfplotsmeshplothandler.cod
e.tex
(/usr/share/texlive/texmf-dist/tex/generic/pgfplots/pgfplotsmeshplotimage.code.
tex)))
(/usr/share/texlive/texmf-dist/tex/generic/pgfplots/pgfplots.scaling.code.tex)
(/usr/share/texlive/texmf-dist/tex/generic/pgfplots/pgfplotscoordprocessing.cod
e.tex)
(/usr/share/texlive/texmf-dist/tex/generic/pgfplots/pgfplots.errorbars.code.tex
) (/usr/share/texlive/texmf-dist/tex/generic/pgfplots/pgfplots.markers.code.tex
) (/usr/share/texlive/texmf-dist/tex/generic/pgfplots/pgfplotsticks.code.tex)
(/usr/share/texlive/texmf-dist/tex/generic/pgfplots/pgfplots.paths.code.tex)
(/usr/share/texlive/texmf-dist/tex/generic/pgf/frontendlayer/tikz/libraries/tik
zlibrarydecorations.pathreplacing.code.tex
(/usr/share/texlive/texmf-dist/tex/generic/pgf/libraries/decorations/pgflibrary
decorations.pathreplacing.code.tex))
(/usr/share/texlive/texmf-dist/tex/generic/pgfplots/libs/tikzlibrarypgfplots.co
ntourlua.code.tex)
\pgfplots@numplots=\count328
\pgfplots@xmin@reg=\dimen303
\pgfplots@xmax@reg=\dimen304
\pgfplots@ymin@reg=\dimen305
\pgfplots@ymax@reg=\dimen306
\pgfplots@zmin@reg=\dimen307
\pgfplots@zmax@reg=\dimen308
)
(/usr/share/texlive/texmf-dist/tex/generic/pgf/frontendlayer/tikz/libraries/tik
zlibraryplotmarks.code.tex
File: tikzlibraryplotmarks.code.tex 2023-01-15 v3.1.10 (3.1.10)

(/usr/share/texlive/texmf-dist/tex/generic/pgf/libraries/pgflibraryplotmarks.co
de.tex
File: pgflibraryplotmarks.code.tex 2023-01-15 v3.1.10 (3.1.10)
))) (/usr/share/texlive/texmf-dist/tex/latex/caption/caption.sty
Package: caption 2023/08/05 v3.6o Customizing captions (AR)

(/usr/share/texlive/texmf-dist/tex/latex/caption/caption3.sty
Package: caption3 2023/07/31 v2.4d caption3 kernel (AR)
\caption@tempdima=\dimen309
\captionmargin=\dimen310
\caption@leftmargin=\dimen311
\caption@rightmargin=\dimen312
\caption@width=\dimen313
\caption@indent=\dimen314
\caption@parindent=\dimen315
\caption@hangindent=\dimen316
Package caption Info: Standard document class detected.
)
\c@caption@flags=\count329
\c@continuedfloat=\count330
Package caption Info: float package is loaded.
Package caption Info: hyperref package is loaded.
)
(/usr/share/texlive/texmf-dist/tex/latex/caption/subcaption.sty
Package: subcaption 2023/07/28 v1.6b Sub-captions (AR)
Package caption Info: New subtype `subfigure' on input line 238.
\c@subfigure=\count331
Package caption Info: New subtype `subtable' on input line 238.
\c@subtable=\count332
)
(/usr/share/texlive/texmf-dist/tex/latex/listings/listings.sty
\lst@mode=\count333
\lst@gtempboxa=\box70
\lst@token=\toks57
\lst@length=\count334
\lst@currlwidth=\dimen317
\lst@column=\count335
\lst@pos=\count336
\lst@lostspace=\dimen318
\lst@width=\dimen319
\lst@newlines=\count337
\lst@lineno=\count338
\lst@maxwidth=\dimen320

(/usr/share/texlive/texmf-dist/tex/latex/listings/lstmisc.sty
File: lstmisc.sty 2023/02/27 1.9 (Carsten Heinz)
\c@lstnumber=\count339
\lst@skipnumbers=\count340
\lst@framebox=\box71
)
(/usr/share/texlive/texmf-dist/tex/latex/listings/listings.cfg
File: listings.cfg 2023/02/27 1.9 listings configuration
))
Package: listings 2023/02/27 1.9 (Carsten Heinz)

(/usr/share/texlive/texmf-dist/tex/latex/multirow/multirow.sty
Package: multirow 2021/03/15 v2.8 Span multiple rows of a table
\multirow@colwidth=\skip71
\multirow@cntb=\count341
\multirow@dima=\skip72
\bigstrutjot=\dimen321
)
(/usr/share/texlive/texmf-dist/tex/latex/abstract/abstract.sty
Package: abstract 2009/06/08 v1.2a configurable abstracts
\abstitleskip=\skip73
\absleftindent=\skip74
\absrightindent=\skip75
\absparindent=\skip76
\absparsep=\skip77
)
\c@definition=\count342
\c@theorem=\count343
\c@proposition=\count344
\c@lemma=\count345
\c@corollary=\count346
LaTeX Font Info:    Trying to load font information for T1+lmr on input line 86
.

(/usr/share/texmf/tex/latex/lm/t1lmr.fd
File: t1lmr.fd 2015/05/01 v1.6.1 Font defs for Latin Modern
)
(/usr/share/texlive/texmf-dist/tex/latex/l3backend/l3backend-pdftex.def
File: l3backend-pdftex.def 2024-01-04 L3 backend support: PDF output (pdfTeX)
\l__color_backend_stack_int=\count347
\l__pdf_internal_box=\box72
)
(./paper.aux)
\openout1 = `paper.aux'.

LaTeX Font Info:    Checking defaults for OML/cmm/m/it on input line 86.
LaTeX Font Info:    ... okay on input line 86.
LaTeX Font Info:    Checking defaults for OMS/cmsy/m/n on input line 86.
LaTeX Font Info:    ... okay on input line 86.
LaTeX Font Info:    Checking defaults for OT1/cmr/m/n on input line 86.
LaTeX Font Info:    ... okay on input line 86.
LaTeX Font Info:    Checking defaults for T1/cmr/m/n on input line 86.
LaTeX Font Info:    ... okay on input line 86.
LaTeX Font Info:    Checking defaults for TS1/cmr/m/n on input line 86.
LaTeX Font Info:    ... okay on input line 86.
LaTeX Font Info:    Checking defaults for OMX/cmex/m/n on input line 86.
LaTeX Font Info:    ... okay on input line 86.
LaTeX Font Info:    Checking defaults for U/cmr/m/n on input line 86.
LaTeX Font Info:    ... okay on input line 86.
LaTeX Font Info:    Checking defaults for PD1/pdf/m/n on input line 86.
LaTeX Font Info:    ... okay on input line 86.
LaTeX Font Info:    Checking defaults for PU/pdf/m/n on input line 86.
LaTeX Font Info:    ... okay on input line 86.

(/usr/share/texlive/texmf-dist/tex/context/base/mkii/supp-pdf.mkii
[Loading MPS to PDF converter (version 2006.09.02).]
\scratchcounter=\count348
\scratchdimen=\dimen322
\scratchbox=\box73
\nofMPsegments=\count349
\nofMParguments=\count350
\everyMPshowfont=\toks58
\MPscratchCnt=\count351
\MPscratchDim=\dimen323
\MPnumerator=\count352
\makeMPintoPDFobject=\count353
\everyMPtoPDFconversion=\toks59
) (/usr/share/texlive/texmf-dist/tex/latex/epstopdf-pkg/epstopdf-base.sty
Package: epstopdf-base 2020-01-24 v2.11 Base part for package epstopdf
Package epstopdf-base Info: Redefining graphics rule for `.eps' on input line 4
85.

(/usr/share/texlive/texmf-dist/tex/latex/latexconfig/epstopdf-sys.cfg
File: epstopdf-sys.cfg 2010/07/13 v1.3 Configuration of (r)epstopdf for TeX Liv
e
))
Package hyperref Info: Link coloring OFF on input line 86.

(./paper.out) (./paper.out)
\@outlinefile=\write4
\openout4 = `paper.out'.


*geometry* driver: auto-detecting
*geometry* detected driver: pdftex
*geometry* verbose mode - [ preamble ] result:
* driver: pdftex
* paper: a4paper
* layout: <same size as paper>
* layoutoffset:(h,v)=(0.0pt,0.0pt)
* modes: 
* h-part:(L,W,R)=(56.9055pt, 483.69687pt, 56.9055pt)
* v-part:(T,H,B)=(71.13188pt, 702.78308pt, 71.13188pt)
* \paperwidth=597.50787pt
* \paperheight=845.04684pt
* \textwidth=483.69687pt
* \textheight=702.78308pt
* \oddsidemargin=-15.36449pt
* \evensidemargin=-15.36449pt
* \topmargin=-38.1381pt
* \headheight=12.0pt
* \headsep=25.0pt
* \topskip=12.0pt
* \footskip=30.0pt
* \marginparwidth=4.0pt
* \marginparsep=10.0pt
* \columnsep=10.0pt
* \skip\footins=10.8pt plus 4.0pt minus 2.0pt
* \hoffset=0.0pt
* \voffset=0.0pt
* \mag=1000
* \@twocolumntrue
* \@twosidefalse
* \@mparswitchfalse
* \@reversemarginfalse
* (1in=72.27pt=25.4mm, 1cm=28.453pt)

Package pgfplots notification 'compat/show suggested version=true': document ha
s been generated with the most recent feature set (\pgfplotsset{compat=1.18}).

Package caption Info: Begin \AtBeginDocument code.
Package caption Info: listings package is loaded.
Package caption Info: End \AtBeginDocument code.
\c@lstlisting=\count354
LaTeX Font Info:    Trying to load font information for OT1+lmr on input line 8
9.
(/usr/share/texmf/tex/latex/lm/ot1lmr.fd
File: ot1lmr.fd 2015/05/01 v1.6.1 Font defs for Latin Modern
)
LaTeX Font Info:    Trying to load font information for OML+lmm on input line 8
9.

(/usr/share/texmf/tex/latex/lm/omllmm.fd
File: omllmm.fd 2015/05/01 v1.6.1 Font defs for Latin Modern
)
LaTeX Font Info:    Trying to load font information for OMS+lmsy on input line 
89.

(/usr/share/texmf/tex/latex/lm/omslmsy.fd
File: omslmsy.fd 2015/05/01 v1.6.1 Font defs for Latin Modern
)
LaTeX Font Info:    Trying to load font information for OMX+lmex on input line 
89.

(/usr/share/texmf/tex/latex/lm/omxlmex.fd
File: omxlmex.fd 2015/05/01 v1.6.1 Font defs for Latin Modern
)
LaTeX Font Info:    External font `lmex10' loaded for size
(Font)              <14.4> on input line 89.
LaTeX Font Info:    External font `lmex10' loaded for size
(Font)              <10> on input line 89.
LaTeX Font Info:    External font `lmex10' loaded for size
(Font)              <7> on input line 89.
LaTeX Font Info:    Trying to load font information for U+msa on input line 89.


(/usr/share/texlive/texmf-dist/tex/latex/amsfonts/umsa.fd
File: umsa.fd 2013/01/14 v3.01 AMS symbols A
)
LaTeX Font Info:    Trying to load font information for U+msb on input line 89.


(/usr/share/texlive/texmf-dist/tex/latex/amsfonts/umsb.fd
File: umsb.fd 2013/01/14 v3.01 AMS symbols B
)
LaTeX Font Info:    Trying to load font information for T1+lmtt on input line 8
9.

(/usr/share/texmf/tex/latex/lm/t1lmtt.fd
File: t1lmtt.fd 2015/05/01 v1.6.1 Font defs for Latin Modern
)
LaTeX Font Info:    External font `lmex10' loaded for size
(Font)              <10.95> on input line 95.
LaTeX Font Info:    External font `lmex10' loaded for size
(Font)              <8> on input line 95.
LaTeX Font Info:    External font `lmex10' loaded for size
(Font)              <6> on input line 95.

Underfull \hbox (badness 1484) in paragraph at lines 94--96
[]\T1/lmr/m/n/10.95 The rapid ad-vance-ment of quan-tum
 []


Underfull \hbox (badness 1960) in paragraph at lines 94--96
\T1/lmr/m/n/10.95 to the cryp-to-graphic foun-da-tions of
 []


Underfull \hbox (badness 3302) in paragraph at lines 94--96
\T1/lmr/m/n/10.95 mod-ern blockchain sys-tems. Cur-
 []


Underfull \hbox (badness 1062) in paragraph at lines 94--96
\T1/lmr/m/n/10.95 rent ar-chi-tec-tures rely on the El-lip-
 []


Underfull \hbox (badness 1565) in paragraph at lines 94--96
\T1/lmr/m/n/10.95 quan-tum at-tack win-dow to a prov-
 []


Underfull \vbox (badness 2762) has occurred while \output is active []

 [1{/var/lib/texmf/fonts/map/pdftex/updmap/pdftex.map}{/usr/share/texmf/fonts/e
nc/dvips/lm/lm-ec.enc}


{/usr/share/texmf/fonts/enc/dvips/lm/lm-mathit.enc}{/usr/share/texmf/fonts/enc/
dvips/lm/lm-rm.enc}]
Underfull \hbox (badness 1558) in paragraph at lines 107--108
\T1/lmr/m/n/12 (DeFi), sup-ply chain man-age-ment, dig-i-tal
 []

LaTeX Font Info:    Trying to load font information for TS1+lmr on input line 1
14.
(/usr/share/texmf/tex/latex/lm/ts1lmr.fd
File: ts1lmr.fd 2015/05/01 v1.6.1 Font defs for Latin Modern
)
Underfull \hbox (badness 3646) in paragraph at lines 114--115
\T1/lmr/m/n/12 Encapsulation Mech-a-nism (ML-KEM),
 []


Underfull \hbox (badness 10000) in paragraph at lines 119--120
\T1/lmr/m/n/12 build-ing blocks nec-es-sary for quantum-
 []


Underfull \hbox (badness 10000) in paragraph at lines 119--120
\T1/lmr/m/n/12 blockchain ar-chi-tec-tures presents unique
 []


Underfull \hbox (badness 10000) in paragraph at lines 119--120
\T1/lmr/m/n/12 de-pen-dently ver-i-fy-ing ev-ery trans-ac-tion.
 []


Underfull \hbox (badness 1102) in paragraph at lines 119--120
\T1/lmr/m/n/12 ML-DSA-65 pro-duces 3,309-byte sig-na-tures
 []


Underfull \hbox (badness 6445) in paragraph at lines 119--120
\T1/lmr/m/n/12 com-pared to ECDSA's 64 bytes---create
 []


Underfull \hbox (badness 2478) in paragraph at lines 119--120
\T1/lmr/m/n/12 cas-cad-ing ef-fects on block sizes, net-work
 []


Underfull \hbox (badness 2173) in paragraph at lines 119--120
\T1/lmr/m/n/12 prop-a-ga-tion times, mem-pool man-age-ment,
 []


Underfull \hbox (badness 1708) in paragraph at lines 121--122
[]\T1/lmr/bx/n/12 A crit-i-cal ob-ser-va-tion \T1/lmr/m/n/12 mo-ti-vates this
 []


Underfull \hbox (badness 1325) in paragraph at lines 126--127
\T1/lmr/m/n/12 in-te-grat-ing NIST PQC stan-dards into
 []


Underfull \hbox (badness 2050) in paragraph at lines 128--129
[]\T1/lmr/m/n/12 The \T1/lmr/bx/n/12 Ephemeral Mul-ti-sig Pro-to-col
 []


Package fancyhdr Warning: \headheight is too small (12.0pt): 
(fancyhdr)                Make it at least 13.59999pt, for example:
(fancyhdr)                \setlength{\headheight}{13.59999pt}.
(fancyhdr)                You might also make \topmargin smaller to compensate:

(fancyhdr)                \addtolength{\topmargin}{-1.59999pt}.

[2{/usr/share/texmf/fonts/enc/dvips/lm/lm-ts1.enc}]
Underfull \hbox (badness 5119) in paragraph at lines 130--131
[]\T1/lmr/bx/n/12 Performance bench-marks \T1/lmr/m/n/12 on pro-
 []


Underfull \hbox (badness 4673) in paragraph at lines 130--131
\T1/lmr/m/n/12 to-type im-ple-men-ta-tions demon-strat-ing
 []


Underfull \hbox (badness 2486) in paragraph at lines 134--135
\T1/lmr/m/n/12 na-ture Ag-gre-ga-tion Pro-to-col. Sec-tion []7[]
 []


Underfull \hbox (badness 1490) in paragraph at lines 134--135
\T1/lmr/m/n/12 presents the Ephemeral Mul-ti-sig Pro-to-col.
 []


Underfull \hbox (badness 3503) in paragraph at lines 142--142
[]\T1/lmr/bx/n/14.4 Quantum Com-put-ing and
 []

LaTeX Font Info:    External font `lmex10' loaded for size
(Font)              <12> on input line 147.

Underfull \hbox (badness 3240) in paragraph at lines 147--148
\T1/lmr/m/it/12 Shor's al-go-rithm finds $\OML/lmm/m/it/12 p$ \T1/lmr/m/it/12 a
nd $\OML/lmm/m/it/12 q$ \T1/lmr/m/it/12 in time
 []


Underfull \hbox (badness 4819) in paragraph at lines 161--162
[]\T1/lmr/m/n/12 This def-i-ni-tion is fun-da-men-tal to the
 []


Underfull \hbox (badness 10000) in paragraph at lines 168--169
\T1/lmr/m/n/12 Module-Lattice-Based Key-Encapsulation
 []


Underfull \hbox (badness 10000) in paragraph at lines 168--169
\T1/lmr/m/n/12 Mech-a-nism, de-rived from CRYSTALS-
 []


Overfull \hbox (175.4942pt too wide) in paragraph at lines 174--184
 [][] 
 []


Package fancyhdr Warning: \headheight is too small (12.0pt): 
(fancyhdr)                Make it at least 13.59999pt, for example:
(fancyhdr)                \setlength{\headheight}{13.59999pt}.
(fancyhdr)                You might also make \topmargin smaller to compensate:

(fancyhdr)                \addtolength{\topmargin}{-1.59999pt}.

[3{/usr/share/texmf/fonts/enc/dvips/lm/lm-mathex.enc}{/usr/share/texmf/fonts/en
c/dvips/lm/lm-mathsy.enc}]
Overfull \hbox (122.68538pt too wide) in paragraph at lines 193--204
 [][] 
 []


Overfull \hbox (174.87437pt too wide) in paragraph at lines 213--223
 [][] 
 []


Underfull \hbox (badness 10000) in paragraph at lines 225--225
[]\T1/lmr/bx/n/14.4 Blockchain Ar-chi-tec-ture
 []


Overfull \hbox (74.73819pt too wide) detected at line 246
[][]\OT1/lmr/m/n/12 (\OML/lmm/m/it/12 TX\OT1/lmr/m/n/12 ) = 1  \OMS/lmsy/m/n/12
 ([])  jf\OML/lmm/m/it/12 i \OT1/lmr/m/n/12 : [](\OML/lmm/m/it/12 pk[]; TX; ^^[
[]\OT1/lmr/m/n/12 ) = 1\OMS/lmsy/m/n/12 gj ^^U \OML/lmm/m/it/12 m
 []


Package fancyhdr Warning: \headheight is too small (12.0pt): 
(fancyhdr)                Make it at least 13.59999pt, for example:
(fancyhdr)                \setlength{\headheight}{13.59999pt}.
(fancyhdr)                You might also make \topmargin smaller to compensate:

(fancyhdr)                \addtolength{\topmargin}{-1.59999pt}.

[4]
Underfull \hbox (badness 1946) in paragraph at lines 268--270
[]\T1/lmr/bx/n/12 Moving Tar-get De-fense (MTD) in
 []


Underfull \hbox (badness 1253) in paragraph at lines 289--290
\T1/lmr/m/n/12 for fu-ture de-cryp-tion. Can-not break
 []


Underfull \hbox (badness 5954) in paragraph at lines 291--292
[]\T1/lmr/bx/n/12 Tier 3 -- Real-Time Ad-ver-sary
 []


Underfull \hbox (badness 4279) in paragraph at lines 294--294
[]\T1/lmr/bx/n/14.4 Layer-by-Layer Vul-ner-a-bil-
 []


Underfull \hbox (badness 5446) in paragraph at lines 301--302
[][]\T1/lmr/bx/n/12 Theorem 1 \T1/lmr/m/n/12 (Trans-ac-tion Vul-ner-a-bil-ity)\
T1/lmr/bx/n/12 .
 []


Package fancyhdr Warning: \headheight is too small (12.0pt): 
(fancyhdr)                Make it at least 13.59999pt, for example:
(fancyhdr)                \setlength{\headheight}{13.59999pt}.
(fancyhdr)                You might also make \topmargin smaller to compensate:

(fancyhdr)                \addtolength{\topmargin}{-1.59999pt}.

[5]
Underfull \hbox (badness 1365) in paragraph at lines 313--314
[]\T1/lmr/bx/n/12 Proof-of-Work\T1/lmr/m/n/12 : Grover pro-vides $[]$
 []


Underfull \hbox (badness 3407) in paragraph at lines 317--317
[]\T1/lmr/bx/n/12 Network and Smart Con-tract
 []


Overfull \hbox (47.79941pt too wide) detected at line 331
\OML/lmm/m/it/12 G[] \OT1/lmr/m/n/12 = \OML/lmm/m/it/12 t[] \OMS/lmsy/m/n/12 ^^
@ \OML/lmm/m/it/12 t[];  G[] > \OT1/lmr/m/n/12 0[]
 []


Underfull \hbox (badness 10000) in paragraph at lines 339--339
[]\T1/lmr/bx/n/17.28 PQ-Chain: Post-
 []


Underfull \hbox (badness 10000) in paragraph at lines 339--339
\T1/lmr/bx/n/17.28 Quantum Blockchain
 []


Underfull \hbox (badness 1484) in paragraph at lines 342--343
\T1/lmr/m/n/12 for in-te-grat-ing NIST PQC stan-dards into
 []


Overfull \hbox (89.62836pt too wide) in paragraph at lines 370--371
 [][] 
 []


Underfull \hbox (badness 3088) in paragraph at lines 375--375
[]\T1/lmr/bx/n/14.4 Cryptographic Ab-strac-tion
 []

(/usr/share/texlive/texmf-dist/tex/latex/listings/lstlang1.sty
File: lstlang1.sty 2023/02/27 1.9 listings language file
)
Underfull \vbox (badness 2142) has occurred while \output is active []



Package fancyhdr Warning: \headheight is too small (12.0pt): 
(fancyhdr)                Make it at least 13.59999pt, for example:
(fancyhdr)                \setlength{\headheight}{13.59999pt}.
(fancyhdr)                You might also make \topmargin smaller to compensate:

(fancyhdr)                \addtolength{\topmargin}{-1.59999pt}.

[6]
Package hyperref Info: bookmark level for unknown lstlisting defaults to 0 on i
nput line 379.
LaTeX Font Info:    Font shape `T1/lmtt/bx/n' in size <10> not available
(Font)              Font shape `T1/lmtt/b/n' tried instead on input line 380.

Overfull \hbox (22.20116pt too wide) detected at line 408
[] \OT1/lmr/m/n/12 = ([]\OML/lmm/m/it/12 ; []; []; []; []; ^^[; []\OT1/lmr/m/n/
12 )
 []


Underfull \hbox (badness 2486) in paragraph at lines 408--410
\T1/lmr/m/it/12 where $[] \OMS/lmsy/m/n/12 ^^U \OT1/lmr/m/n/12 3$ \T1/lmr/m/it/
12 in-di-cates PQC sup-
 []


Underfull \hbox (badness 10000) in paragraph at lines 428--430
\T1/lmr/m/it/12 where $\OML/lmm/m/it/12 ^^[[] \OT1/lmr/m/n/12 = [][](\OML/lmm/m
/it/12 sk[]; m\OT1/lmr/m/n/12 )$\T1/lmr/m/it/12 ,
 []


Underfull \hbox (badness 1688) in paragraph at lines 428--430
\OML/lmm/m/it/12 ^^[[] \OT1/lmr/m/n/12 = [][](\OML/lmm/m/it/12 sk[]; m\OT1/lmr/
m/n/12 )$\T1/lmr/m/it/12 , and $\OML/lmm/m/it/12 ^^Y$ \T1/lmr/m/it/12 is
 []


Underfull \hbox (badness 3965) in paragraph at lines 447--447
[]\T1/lmr/bx/n/17.28 Hybrid Sig-na-ture Ag-
 []


Package fancyhdr Warning: \headheight is too small (12.0pt): 
(fancyhdr)                Make it at least 13.59999pt, for example:
(fancyhdr)                \setlength{\headheight}{13.59999pt}.
(fancyhdr)                You might also make \topmargin smaller to compensate:

(fancyhdr)                \addtolength{\topmargin}{-1.59999pt}.

[7]
Package hyperref Info: bookmark level for unknown algorithm defaults to 0 on in
put line 457.

Underfull \hbox (badness 10000) in paragraph at lines 472--472
[]\T1/lmr/bx/n/14.4 Batched Ver-i-fi-ca-tion and
 []


Underfull \hbox (badness 10000) in paragraph at lines 475--476
[][]\T1/lmr/bx/n/12 Proposition 1 \T1/lmr/m/n/12 (Batched Ver-i-fi-ca-tion
 []


Underfull \hbox (badness 10000) in paragraph at lines 475--476
\T1/lmr/m/it/12 na-tures from a com-mon block, batched
 []


Underfull \hbox (badness 10000) in paragraph at lines 475--476
\T1/lmr/m/it/12 ver-i-fi-ca-tion re-duces to-tal NTT com-pu-ta-
 []


Underfull \hbox (badness 1275) in paragraph at lines 490--491
\T1/lmr/m/n/12 The PQ-Chain frame-work (Sec-tion []5[]) ad-
 []


Underfull \hbox (badness 1038) in paragraph at lines 490--491
\T1/lmr/m/n/12 with quantum-resistant ML-DSA. How-ever,
 []


Overfull \hbox (35.43636pt too wide) detected at line 505
\OMS/lmsy/m/n/12 V \OT1/lmr/m/n/12 = []
 []


Package fancyhdr Warning: \headheight is too small (12.0pt): 
(fancyhdr)                Make it at least 13.59999pt, for example:
(fancyhdr)                \setlength{\headheight}{13.59999pt}.
(fancyhdr)                You might also make \topmargin smaller to compensate:

(fancyhdr)                \addtolength{\topmargin}{-1.59999pt}.

[8]
Underfull \hbox (badness 10000) in paragraph at lines 534--535
[] []$[]\OT1/lmr/m/n/12 (\OML/lmm/m/it/12 sk[]\OT1/lmr/m/n/12 )$ \T1/lmr/m/n/12
 {Cryp-to-graphic
 []


Underfull \hbox (badness 4634) in paragraph at lines 568--569
[] []\T1/lmr/bx/n/12 Immediate ro-ta-tion: \T1/lmr/m/n/12 in-voke Al-go-
 []


Underfull \hbox (badness 1789) in paragraph at lines 577--578
\T1/lmr/m/n/12 The vault evolves through a se-quence of
 []

LaTeX Font Info:    External font `lmex10' loaded for size
(Font)              <5> on input line 589.

Package fancyhdr Warning: \headheight is too small (12.0pt): 
(fancyhdr)                Make it at least 13.59999pt, for example:
(fancyhdr)                \setlength{\headheight}{13.59999pt}.
(fancyhdr)                You might also make \topmargin smaller to compensate:

(fancyhdr)                \addtolength{\topmargin}{-1.59999pt}.

[9]
Underfull \hbox (badness 1163) in paragraph at lines 626--627
\T1/lmr/m/n/12 me-di-ately af-ter any sign-ing op-er-a-tion,
 []


Underfull \hbox (badness 1990) in paragraph at lines 635--636
[]\T1/lmr/bx/n/12 Memory iso-la-tion\T1/lmr/m/n/12 : $\OML/lmm/m/it/12 sk[]$ \T
1/lmr/m/n/12 re-sides in
 []


Underfull \hbox (badness 1831) in paragraph at lines 636--637
\T1/lmr/m/n/12 update op-er-a-tion is atomic. Fail-ure
 []


Underfull \hbox (badness 10000) in paragraph at lines 652--653
[]$\OMS/lmsy/m/n/12 A[]$ \T1/lmr/m/it/12 re-ceives all pub-lic keys
 []


Underfull \hbox (badness 1762) in paragraph at lines 669--670
[]\T1/lmr/m/n/12 To win, $\OMS/lmsy/m/n/12 A[]$ \T1/lmr/m/n/12 must forge sig-n
a-tures
 []


Package fancyhdr Warning: \headheight is too small (12.0pt): 
(fancyhdr)                Make it at least 13.59999pt, for example:
(fancyhdr)                \setlength{\headheight}{13.59999pt}.
(fancyhdr)                You might also make \topmargin smaller to compensate:

(fancyhdr)                \addtolength{\topmargin}{-1.59999pt}.

[10]
Underfull \hbox (badness 10000) in paragraph at lines 689--689
[]\T1/lmr/bx/n/14.4 Attack Sce-nario Walk-
 []


Underfull \hbox (badness 3525) in paragraph at lines 691--692
\T1/lmr/m/n/12 Consider a vault with Al-ice, Bob, and
 []


Underfull \hbox (badness 5302) in paragraph at lines 701--702
[]|\T1/lmr/m/n/12 Attacker be-gins quan-
 []


Underfull \hbox (badness 4859) in paragraph at lines 702--703
[]|\T1/lmr/m/n/12 Attacker at $\OMS/lmsy/m/n/12 ^^X$\T1/lmr/m/n/12 43% of
 []


Underfull \hbox (badness 10000) in paragraph at lines 703--704
[]|\T1/lmr/bx/n/12 Rotation: $\OML/lmm/m/it/12 E[]$ \T1/lmr/m/n/12 de-
 []


Underfull \hbox (badness 10000) in paragraph at lines 703--704
\T1/lmr/m/n/12 stroyed, $\OML/lmm/m/it/12 E[]$ \T1/lmr/m/n/12 gen-er-
 []


Underfull \hbox (badness 10000) in paragraph at lines 706--707
[]|\T1/lmr/bx/n/12 Rotation: $\OML/lmm/m/it/12 E[]$ \T1/lmr/m/n/12 de-
 []


Underfull \hbox (badness 2980) in paragraph at lines 706--707
\T1/lmr/m/n/12 stroyed, $\OML/lmm/m/it/12 E[]$ \T1/lmr/m/n/12 gen-er-ated.
 []


Underfull \hbox (badness 10000) in paragraph at lines 707--708
[]|\T1/lmr/m/n/12 Attacker \T1/lmr/bx/n/12 never \T1/lmr/m/n/12 com-
 []


Underfull \vbox (badness 10000) has occurred while \output is active []


Underfull \hbox (badness 10000) in paragraph at lines 712--712
[]\T1/lmr/bx/n/14.4 Comparison with Static
 []


Overfull \hbox (63.46014pt too wide) in paragraph at lines 718--730
 [][] 
 []


Package fancyhdr Warning: \headheight is too small (12.0pt): 
(fancyhdr)                Make it at least 13.59999pt, for example:
(fancyhdr)                \setlength{\headheight}{13.59999pt}.
(fancyhdr)                You might also make \topmargin smaller to compensate:

(fancyhdr)                \addtolength{\topmargin}{-1.59999pt}.

[11]
Underfull \hbox (badness 4001) in paragraph at lines 745--745
[]\T1/lmr/bx/n/14.4 Adaptive Ro-ta-tion Un-der
 []


Underfull \hbox (badness 10000) in paragraph at lines 755--755
[]\T1/lmr/bx/n/14.4 Limitations of the
 []


Underfull \hbox (badness 10000) in paragraph at lines 767--767
[]\T1/lmr/bx/n/17.28 PQ-Chain + EMP:
 []


Underfull \hbox (badness 1810) in paragraph at lines 770--771
\T1/lmr/m/n/12 strate-gies that com-pose into multi-layered
 []


Overfull \hbox (32.34198pt too wide) in paragraph at lines 818--819
 [][] 
 []


Underfull \hbox (badness 10000) in paragraph at lines 826--826
[]\T1/lmr/bx/n/17.28 Implementation and
 []


Underfull \hbox (badness 10000) in paragraph at lines 826--826
\T1/lmr/bx/n/17.28 Per-for-mance Eval-u-a-
 []


Underfull \hbox (badness 1014) in paragraph at lines 831--832
\T1/lmr/m/n/12 We im-ple-mented PQ-Chain us-ing a mod-i-
 []


Package fancyhdr Warning: \headheight is too small (12.0pt): 
(fancyhdr)                Make it at least 13.59999pt, for example:
(fancyhdr)                \setlength{\headheight}{13.59999pt}.
(fancyhdr)                You might also make \topmargin smaller to compensate:

(fancyhdr)                \addtolength{\topmargin}{-1.59999pt}.

[12]
Overfull \hbox (110.64098pt too wide) in paragraph at lines 854--867
 [][] 
 []


Underfull \vbox (badness 5592) has occurred while \output is active []

Package pgfplots info on input line 886: Using 'lua backend=false' for axis: x 
coord trafo unsupported.

Overfull \hbox (10.02527pt too wide) in paragraph at lines 897--898
 [][] 
 []


Overfull \hbox (29.80495pt too wide) in paragraph at lines 923--936
 [][] 
 []


Underfull \vbox (badness 10000) has occurred while \output is active []



Package fancyhdr Warning: \headheight is too small (12.0pt): 
(fancyhdr)                Make it at least 13.59999pt, for example:
(fancyhdr)                \setlength{\headheight}{13.59999pt}.
(fancyhdr)                You might also make \topmargin smaller to compensate:

(fancyhdr)                \addtolength{\topmargin}{-1.59999pt}.

[13]
Overfull \hbox (77.52933pt too wide) in paragraph at lines 942--954
 [][] 
 []


Overfull \hbox (11.1285pt too wide) in paragraph at lines 962--973
 [][] 
 []


Underfull \hbox (badness 10000) in paragraph at lines 975--975
[]\T1/lmr/bx/n/14.4 Cryptographic Op-er-a-tion
 []


Overfull \hbox (37.14189pt too wide) in paragraph at lines 981--993
 [][] 
 []


Underfull \vbox (badness 10000) has occurred while \output is active []


Underfull \hbox (badness 1838) in paragraph at lines 1000--1001
[]\T1/lmr/m/n/12 EMP ro-ta-tion cost ($\OMS/lmsy/m/n/12 ^^X$\T1/lmr/m/n/12 0.02
 ETH/-day)
 []


Underfull \hbox (badness 10000) in paragraph at lines 1007--1007
[]\T1/lmr/bx/n/17.28 Governance Frame-
 []


Underfull \hbox (badness 10000) in paragraph at lines 1007--1007
\T1/lmr/bx/n/17.28 work for Quan-tum
 []


Underfull \hbox (badness 5847) in paragraph at lines 1012--1013
\T1/lmr/m/n/12 Drawing on prac-ti-cal ex-pe-ri-ence de-ploy-
 []


Underfull \hbox (badness 7558) in paragraph at lines 1012--1013
\T1/lmr/m/n/12 ing Layer-1 blockchain sys-tems through
 []


Underfull \hbox (badness 10000) in paragraph at lines 1015--1016
[]
 []


Overfull \hbox (18.13487pt too wide) in paragraph at lines 1016--1017
[]
 []


Overfull \hbox (15.10043pt too wide) in paragraph at lines 1017--1018
[]
 []


Underfull \hbox (badness 10000) in paragraph at lines 1017--1018
\T1/lmr/m/n/12 ML-DSA-only trans-ac-tions ac-cepted.
 []


Package fancyhdr Warning: \headheight is too small (12.0pt): 
(fancyhdr)                Make it at least 13.59999pt, for example:
(fancyhdr)                \setlength{\headheight}{13.59999pt}.
(fancyhdr)                You might also make \topmargin smaller to compensate:

(fancyhdr)                \addtolength{\topmargin}{-1.59999pt}.

[14]
Overfull \hbox (22.93887pt too wide) in paragraph at lines 1018--1019
[]
 []


Underfull \hbox (badness 10000) in paragraph at lines 1019--1020
[]\T1/lmr/m/n/12 All
 []


Underfull \hbox (badness 10000) in paragraph at lines 1035--1036
[]\T1/lmr/m/n/12 Automatic de-tec-tion of anoma-lous
 []


Underfull \hbox (badness 1377) in paragraph at lines 1037--1038
[]\T1/lmr/m/n/12 Freeze of ECDSA-only ad-dresses with
 []


Underfull \hbox (badness 10000) in paragraph at lines 1044--1044
[]\T1/lmr/bx/n/17.28 PQ-Chain Se-cu-rity
 []


Underfull \hbox (badness 1931) in paragraph at lines 1048--1049
\T1/lmr/m/n/12 rity)\T1/lmr/bx/n/12 . []\T1/lmr/m/it/12 Un-der the M-LWE as-sum
p-tion with
 []


Underfull \hbox (badness 2119) in paragraph at lines 1052--1053
[]\T1/lmr/m/n/12 ML-DSA-65 EUF-CMA se-cu-rity re-
 []


Underfull \hbox (badness 3861) in paragraph at lines 1060--1061
[]$\OMS/lmsy/m/n/12 C \OT1/lmr/m/n/12 = [](\OMS/lmsy/m/n/12 T\OT1/lmr/m/n/12 )$
 \T1/lmr/m/n/12 where leaf $\OML/lmm/m/it/12 L[] \OT1/lmr/m/n/12 =
 []


Underfull \hbox (badness 10000) in paragraph at lines 1071--1072
\T1/lmr/m/n/12 de-ploy-ment in-fras-truc-ture through
 []


Underfull \hbox (badness 10000) in paragraph at lines 1071--1072
\T1/lmr/m/n/12 AmiChain.org in-forms sev-eral in-sights.
 []


Underfull \hbox (badness 1558) in paragraph at lines 1071--1072
\T1/lmr/m/n/12 First, blockchain de-ploy-ment di-ver-sity de-
 []


Underfull \hbox (badness 7649) in paragraph at lines 1071--1072
\T1/lmr/m/n/12 AmiChain's mod-u-lar ar-chi-tec-ture ac-com-
 []


Underfull \hbox (badness 10000) in paragraph at lines 1071--1072
\T1/lmr/m/n/12 ami.finance platform---enable au-to-mated
 []


Underfull \hbox (badness 1371) in paragraph at lines 1080--1081
\T1/lmr/m/n/12 gra-tion ur-gency de-pends on un-cer-tain
 []


Package fancyhdr Warning: \headheight is too small (12.0pt): 
(fancyhdr)                Make it at least 13.59999pt, for example:
(fancyhdr)                \setlength{\headheight}{13.59999pt}.
(fancyhdr)                You might also make \topmargin smaller to compensate:

(fancyhdr)                \addtolength{\topmargin}{-1.59999pt}.

[15]
Underfull \hbox (badness 10000) in paragraph at lines 1097--1098
[]\T1/lmr/m/n/12 Gas cost mod-el-ing un-der var-i-ous
 []


Underfull \hbox (badness 10000) in paragraph at lines 1110--1111
[]\T1/lmr/bx/n/12 PQ-Chain \T1/lmr/m/n/12 pro-vides a com-pre-hen-sive
 []


Underfull \hbox (badness 1584) in paragraph at lines 1110--1111
\T1/lmr/m/n/12 dards (FIPS 203, 204, 205) into Layer-1
 []


Underfull \hbox (badness 2150) in paragraph at lines 1110--1111
\T1/lmr/m/n/12 blockchains. Through the Cryp-to-graphic
 []


Underfull \hbox (badness 4752) in paragraph at lines 1110--1111
\T1/lmr/m/n/12 Ab-strac-tion Layer and Hy-brid Sig-na-ture
 []


Underfull \hbox (badness 4518) in paragraph at lines 1110--1111
\T1/lmr/m/n/12 Ag-gre-ga-tion Pro-to-col, PQ-Chain achieves
 []


Underfull \hbox (badness 5741) in paragraph at lines 1112--1113
[]\T1/lmr/bx/n/12 The Ephemeral Mul-ti-sig Pro-to-col
 []


Underfull \hbox (badness 10000) in paragraph at lines 1114--1115
[]\T1/lmr/m/n/12 Their com-po-si-tion pro-vides defense-in-
 []


Underfull \hbox (badness 1072) in paragraph at lines 1114--1115
\T1/lmr/m/n/12 depth: EMP of-fers im-me-di-ate, de-ploy-able
 []


Underfull \hbox (badness 1424) in paragraph at lines 1123--1124
\T1/lmr/m/n/12 The au-thor ac-knowl-edges the NIST Post-
 []


Underfull \hbox (badness 3919) in paragraph at lines 1123--1124
\T1/lmr/m/n/12 Quantum Cryp-tog-ra-phy team, the Open
 []


Underfull \hbox (badness 2521) in paragraph at lines 1131--1132
\T1/lmr/m/n/12 Elec-tronic Cash Sys-tem,'' 2008. [On-
 []


Package fancyhdr Warning: \headheight is too small (12.0pt): 
(fancyhdr)                Make it at least 13.59999pt, for example:
(fancyhdr)                \setlength{\headheight}{13.59999pt}.
(fancyhdr)                You might also make \topmargin smaller to compensate:

(fancyhdr)                \addtolength{\topmargin}{-1.59999pt}.

[16]
Underfull \hbox (badness 8170) in paragraph at lines 1134--1135
[]\T1/lmr/m/n/12 V. Bu-terin, ``Ethereum: A Next-
 []


Underfull \hbox (badness 3826) in paragraph at lines 1134--1135
\T1/lmr/m/n/12 Generation Smart Con-tract and De-
 []


Underfull \hbox (badness 2126) in paragraph at lines 1137--1138
[]\T1/lmr/m/n/12 P. W. Shor, ``Polynomial-Time Al-go-
 []


Underfull \hbox (badness 1400) in paragraph at lines 1137--1138
\T1/lmr/m/n/12 puter,'' \T1/lmr/m/it/12 SIAM Jour-nal on Com-put-ing\T1/lmr/m/n
/12 ,
 []


Underfull \hbox (badness 1622) in paragraph at lines 1143--1144
[]\T1/lmr/m/n/12 M. Mosca, ``Cy-ber-se-cu-rity in an Era
 []


Underfull \hbox (badness 1953) in paragraph at lines 1143--1144
\T1/lmr/m/n/12 Ready?'' \T1/lmr/m/it/12 IEEE Se-cu-rity & Pri-vacy\T1/lmr/m/n/1
2 ,
 []


Underfull \hbox (badness 4967) in paragraph at lines 1146--1147
[]\T1/lmr/m/n/12 National In-sti-tute of Stan-dards and
 []


Underfull \hbox (badness 10000) in paragraph at lines 1146--1147
\T1/lmr/m/n/12 Avail-able: []$\T1/lmtt/m/n/12 https : / / csrc . nist . gov /
 []


Underfull \hbox (badness 4595) in paragraph at lines 1149--1150
[]\T1/lmr/m/n/12 J. Bos \T1/lmr/m/it/12 et al.\T1/lmr/m/n/12 , ``CRYS-TALS -- K
y-
 []


Underfull \hbox (badness 3460) in paragraph at lines 1149--1150
\T1/lmr/m/n/12 ber: A CCA-Secure Module-Lattice-
 []


Underfull \hbox (badness 10000) in paragraph at lines 1152--1153
\T1/lmr/m/n/12 A Lattice-Based Dig-i-tal Sig-na-ture
 []


Underfull \hbox (badness 2096) in paragraph at lines 1155--1156
[]\T1/lmr/m/n/12 D. J. Bern-stein \T1/lmr/m/it/12 et al.\T1/lmr/m/n/12 , ``SPHI
NCS+:
 []


Underfull \hbox (badness 1097) in paragraph at lines 1161--1162
[]\T1/lmr/m/n/12 A. K. Fe-dorov, E. O. Kik-tenko, and
 []


Underfull \hbox (badness 1320) in paragraph at lines 1161--1162
\T1/lmr/m/n/12 Blockchain Se-cu-rity at Risk,'' \T1/lmr/m/it/12 Na-ture\T1/lmr/
m/n/12 ,
 []


Underfull \hbox (badness 10000) in paragraph at lines 1167--1168
[]\T1/lmr/m/n/12 L. Chen \T1/lmr/m/it/12 et al.\T1/lmr/m/n/12 , ``Post-Quantum
 []


Underfull \hbox (badness 2547) in paragraph at lines 1167--1168
\T1/lmr/m/n/12 Blockchain: In-te-grat-ing Lattice-Based
 []


Underfull \hbox (badness 10000) in paragraph at lines 1170--1171
\T1/lmr/m/it/12 In-for-ma-tion Foren-sics and Se-cu-rity\T1/lmr/m/n/12 ,
 []


Underfull \hbox (badness 10000) in paragraph at lines 1176--1177
\T1/lmr/m/n/12 Post-Quantum Sig-na-ture Use-Cases:
 []


Underfull \hbox (badness 4303) in paragraph at lines 1176--1177
\T1/lmr/m/n/12 Non-Issues, Chal-lenges and Po-ten-tial
 []


Underfull \hbox (badness 2418) in paragraph at lines 1176--1177
\T1/lmr/m/n/12 So-lu-tions,'' in \T1/lmr/m/it/12 Proc. 7th ACM ASIA
 []


Underfull \hbox (badness 10000) in paragraph at lines 1176--1177
\T1/lmr/m/it/12 Public-Key Cryp-tog-ra-phy Work-shop\T1/lmr/m/n/12 ,
 []


Underfull \hbox (badness 3769) in paragraph at lines 1179--1180
\T1/lmr/m/n/12 Dis-crete Log-a-rithms,'' in \T1/lmr/m/it/12 Proc. ASI-
 []


Package fancyhdr Warning: \headheight is too small (12.0pt): 
(fancyhdr)                Make it at least 13.59999pt, for example:
(fancyhdr)                \setlength{\headheight}{13.59999pt}.
(fancyhdr)                You might also make \topmargin smaller to compensate:

(fancyhdr)                \addtolength{\topmargin}{-1.59999pt}.

[17]
Underfull \hbox (badness 1286) in paragraph at lines 1191--1192
\T1/lmr/m/n/12 A. Schrot-ten-lo-her, ``Quan-tum Se-cu-rity
 []


Underfull \hbox (badness 10000) in paragraph at lines 1197--1198
\T1/lmr/m/n/12 Quantum Cryp-tog-ra-phy,'' \T1/lmr/m/it/12 Na-ture\T1/lmr/m/n/12
 ,
 []


Underfull \hbox (badness 10000) in paragraph at lines 1203--1204
[]\T1/lmr/m/n/12 NIST, ``Tran-si-tion to Post-Quantum
 []


Underfull \hbox (badness 10000) in paragraph at lines 1203--1204
\T1/lmr/m/n/12 Cryp-tog-ra-phy Stan-dards,'' NIST IR
 []


Underfull \hbox (badness 2781) in paragraph at lines 1206--1207
[]\T1/lmr/m/n/12 V. Lyuba-shevsky, ``Lat-tice Sig-na-tures
 []


Underfull \hbox (badness 3690) in paragraph at lines 1212--1213
\T1/lmr/m/it/12 Cryp-tog-ra-phy\T1/lmr/m/n/12 , Springer, pp. 147--191,
 []


Underfull \hbox (badness 1694) in paragraph at lines 1218--1219
[]\T1/lmr/m/n/12 J.-H. Cho \T1/lmr/m/it/12 et al.\T1/lmr/m/n/12 , ``To-ward Pro
ac-tive,
 []


Package fancyhdr Warning: \headheight is too small (12.0pt): 
(fancyhdr)                Make it at least 13.59999pt, for example:
(fancyhdr)                \setlength{\headheight}{13.59999pt}.
(fancyhdr)                You might also make \topmargin smaller to compensate:

(fancyhdr)                \addtolength{\topmargin}{-1.59999pt}.

[18] (./paper.aux)
 ***********
LaTeX2e <2023-11-01> patch level 1
L3 programming layer <2024-01-22>
 ***********


LaTeX Warning: Label(s) may have changed. Rerun to get cross-references right.

Package rerunfilecheck Info: File `paper.out' has not changed.
(rerunfilecheck)             Checksum: D2C12E3227DBA877989960C0A280D4F0;12745.
 ) 
Here is how much of TeX's memory you used:
 37505 strings out of 476182
 842198 string characters out of 5795594
 2066975 words of memory out of 5000000
 58649 multiletter control sequences out of 15000+600000
 693560 words of font info for 113 fonts, out of 8000000 for 9000
 14 hyphenation exceptions out of 8191
 84i,13n,87p,1969b,2317s stack positions out of 10000i,1000n,20000p,200000b,200000s
</usr/share/texmf/fonts/type1/public/lm/lmbx10.pfb></usr/share/texmf/fonts/ty
pe1/public/lm/lmbx12.pfb></usr/share/texmf/fonts/type1/public/lm/lmbxi10.pfb></
usr/share/texmf/fonts/type1/public/lm/lmex10.pfb></usr/share/texmf/fonts/type1/
public/lm/lmmi10.pfb></usr/share/texmf/fonts/type1/public/lm/lmmi12.pfb></usr/s
hare/texmf/fonts/type1/public/lm/lmmi6.pfb></usr/share/texmf/fonts/type1/public
/lm/lmmi8.pfb></usr/share/texmf/fonts/type1/public/lm/lmr10.pfb></usr/share/tex
mf/fonts/type1/public/lm/lmr12.pfb></usr/share/texmf/fonts/type1/public/lm/lmr6
.pfb></usr/share/texmf/fonts/type1/public/lm/lmr7.pfb></usr/share/texmf/fonts/t
ype1/public/lm/lmr8.pfb></usr/share/texmf/fonts/type1/public/lm/lmri10.pfb></us
r/share/texmf/fonts/type1/public/lm/lmri12.pfb></usr/share/texmf/fonts/type1/pu
blic/lm/lmri8.pfb></usr/share/texmf/fonts/type1/public/lm/lmsy10.pfb></usr/shar
e/texmf/fonts/type1/public/lm/lmsy6.pfb></usr/share/texmf/fonts/type1/public/lm
/lmsy8.pfb></usr/share/texmf/fonts/type1/public/lm/lmtk10.pfb></usr/share/texmf
/fonts/type1/public/lm/lmtt10.pfb></usr/share/texmf/fonts/type1/public/lm/lmtt1
2.pfb></usr/share/texmf/fonts/type1/public/lm/lmtti10.pfb>
Output written on paper.pdf (18 pages, 530302 bytes).
PDF statistics:
 773 PDF objects out of 1000 (max. 8388607)
 694 compressed objects within 7 object streams
 250 named destinations out of 1000 (max. 500000)
 541 words of extra memory for PDF output out of 10000 (max. 10000000)

